{"/home/travis/build/npmtest/node-npmtest-turbine.js/test.js":{"path":"/home/travis/build/npmtest/node-npmtest-turbine.js/test.js","s":{"1":2,"2":2,"3":2,"4":2,"5":2,"6":2,"7":2,"8":1,"9":2,"10":2,"11":1,"12":1,"13":1,"14":1,"15":2,"16":2,"17":2,"18":2,"19":1,"20":1,"21":2,"22":2,"23":2,"24":1,"25":1,"26":1,"27":1,"28":1,"29":1,"30":1,"31":1,"32":1,"33":1,"34":1,"35":1,"36":1,"37":1,"38":1,"39":2,"40":2,"41":1,"42":2,"43":2,"44":1,"45":2,"46":2,"47":1,"48":2,"49":2,"50":1,"51":1,"52":1,"53":1,"54":1},"b":{"1":[2,1,1,1],"2":[1,1,1,1],"3":[1,1],"4":[1,1],"5":[1,1],"6":[1,1],"7":[1,1],"8":[1,1],"9":[1,1],"10":[1,1,1],"11":[1,1],"12":[1,1],"13":[1,1],"14":[1,1],"15":[1,1],"16":[1,1],"17":[1,1]},"f":{"1":2,"2":2,"3":2,"4":2,"5":2,"6":1,"7":1,"8":1,"9":2,"10":2,"11":2,"12":2,"13":1},"fnMap":{"1":{"name":"(anonymous_1)","line":12,"loc":{"start":{"line":12,"column":1},"end":{"line":12,"column":13}}},"2":{"name":"(anonymous_2)","line":19,"loc":{"start":{"line":19,"column":5},"end":{"line":19,"column":17}}},"3":{"name":"(anonymous_3)","line":23,"loc":{"start":{"line":23,"column":24},"end":{"line":23,"column":36}}},"4":{"name":"(anonymous_4)","line":61,"loc":{"start":{"line":61,"column":5},"end":{"line":61,"column":17}}},"5":{"name":"(anonymous_5)","line":82,"loc":{"start":{"line":82,"column":5},"end":{"line":82,"column":17}}},"6":{"name":"(anonymous_6)","line":91,"loc":{"start":{"line":91,"column":77},"end":{"line":94,"column":10}}},"7":{"name":"(anonymous_7)","line":112,"loc":{"start":{"line":112,"column":83},"end":{"line":115,"column":10}},"skip":true},"8":{"name":"(anonymous_8)","line":123,"loc":{"start":{"line":123,"column":77},"end":{"line":126,"column":10}},"skip":true},"9":{"name":"(anonymous_9)","line":139,"loc":{"start":{"line":139,"column":12},"end":{"line":139,"column":40}},"skip":true},"10":{"name":"(anonymous_10)","line":147,"loc":{"start":{"line":147,"column":77},"end":{"line":150,"column":10}},"skip":true},"11":{"name":"(anonymous_11)","line":158,"loc":{"start":{"line":158,"column":83},"end":{"line":161,"column":10}},"skip":true},"12":{"name":"(anonymous_12)","line":169,"loc":{"start":{"line":169,"column":79},"end":{"line":172,"column":10}},"skip":true},"13":{"name":"(anonymous_13)","line":180,"loc":{"start":{"line":180,"column":75},"end":{"line":183,"column":10}},"skip":true}},"statementMap":{"1":{"start":{"line":12,"column":0},"end":{"line":195,"column":5}},"2":{"start":{"line":14,"column":4},"end":{"line":14,"column":14}},"3":{"start":{"line":19,"column":4},"end":{"line":56,"column":9}},"4":{"start":{"line":21,"column":8},"end":{"line":21,"column":19}},"5":{"start":{"line":23,"column":8},"end":{"line":35,"column":13}},"6":{"start":{"line":24,"column":12},"end":{"line":34,"column":13}},"7":{"start":{"line":25,"column":16},"end":{"line":28,"column":30}},"8":{"start":{"line":30,"column":16},"end":{"line":33,"column":27}},"9":{"start":{"line":37,"column":8},"end":{"line":39,"column":21}},"10":{"start":{"line":40,"column":8},"end":{"line":53,"column":9}},"11":{"start":{"line":43,"column":12},"end":{"line":46,"column":14}},"12":{"start":{"line":47,"column":12},"end":{"line":47,"column":18}},"13":{"start":{"line":50,"column":12},"end":{"line":51,"column":46}},"14":{"start":{"line":52,"column":12},"end":{"line":52,"column":18}},"15":{"start":{"line":55,"column":8},"end":{"line":55,"column":35}},"16":{"start":{"line":61,"column":4},"end":{"line":63,"column":9}},"17":{"start":{"line":62,"column":8},"end":{"line":62,"column":15}},"18":{"start":{"line":64,"column":4},"end":{"line":77,"column":5}},"19":{"start":{"line":70,"column":8},"end":{"line":70,"column":14}},"20":{"start":{"line":76,"column":8},"end":{"line":76,"column":14}},"21":{"start":{"line":82,"column":4},"end":{"line":84,"column":9}},"22":{"start":{"line":83,"column":8},"end":{"line":83,"column":15}},"23":{"start":{"line":85,"column":4},"end":{"line":194,"column":5}},"24":{"start":{"line":91,"column":8},"end":{"line":99,"column":10}},"25":{"start":{"line":98,"column":12},"end":{"line":98,"column":35}},"26":{"start":{"line":102,"column":8},"end":{"line":104,"column":63}},"27":{"start":{"line":105,"column":8},"end":{"line":105,"column":14}},"28":{"start":{"line":112,"column":8},"end":{"line":121,"column":10},"skip":true},"29":{"start":{"line":119,"column":12},"end":{"line":119,"column":55},"skip":true},"30":{"start":{"line":120,"column":12},"end":{"line":120,"column":48},"skip":true},"31":{"start":{"line":123,"column":8},"end":{"line":136,"column":10},"skip":true},"32":{"start":{"line":130,"column":12},"end":{"line":130,"column":76},"skip":true},"33":{"start":{"line":131,"column":12},"end":{"line":131,"column":73},"skip":true},"34":{"start":{"line":132,"column":12},"end":{"line":132,"column":74},"skip":true},"35":{"start":{"line":133,"column":12},"end":{"line":133,"column":79},"skip":true},"36":{"start":{"line":134,"column":12},"end":{"line":134,"column":25},"skip":true},"37":{"start":{"line":135,"column":12},"end":{"line":135,"column":45},"skip":true},"38":{"start":{"line":138,"column":8},"end":{"line":145,"column":14},"skip":true},"39":{"start":{"line":143,"column":16},"end":{"line":143,"column":29},"skip":true},"40":{"start":{"line":144,"column":16},"end":{"line":144,"column":55},"skip":true},"41":{"start":{"line":147,"column":8},"end":{"line":156,"column":10},"skip":true},"42":{"start":{"line":154,"column":12},"end":{"line":154,"column":25},"skip":true},"43":{"start":{"line":155,"column":12},"end":{"line":155,"column":45},"skip":true},"44":{"start":{"line":158,"column":8},"end":{"line":167,"column":10},"skip":true},"45":{"start":{"line":165,"column":12},"end":{"line":165,"column":25},"skip":true},"46":{"start":{"line":166,"column":12},"end":{"line":166,"column":48},"skip":true},"47":{"start":{"line":169,"column":8},"end":{"line":178,"column":10},"skip":true},"48":{"start":{"line":176,"column":12},"end":{"line":176,"column":25},"skip":true},"49":{"start":{"line":177,"column":12},"end":{"line":177,"column":46},"skip":true},"50":{"start":{"line":180,"column":8},"end":{"line":189,"column":10},"skip":true},"51":{"start":{"line":187,"column":12},"end":{"line":187,"column":94},"skip":true},"52":{"start":{"line":188,"column":12},"end":{"line":188,"column":48},"skip":true},"53":{"start":{"line":192,"column":8},"end":{"line":192,"column":35},"skip":true},"54":{"start":{"line":193,"column":8},"end":{"line":193,"column":14},"skip":true}},"branchMap":{"1":{"line":25,"type":"binary-expr","locations":[{"start":{"line":25,"column":23},"end":{"line":25,"column":62}},{"start":{"line":26,"column":20},"end":{"line":26,"column":70}},{"start":{"line":27,"column":20},"end":{"line":27,"column":71}},{"start":{"line":28,"column":20},"end":{"line":28,"column":29}}]},"2":{"line":30,"type":"binary-expr","locations":[{"start":{"line":30,"column":23},"end":{"line":30,"column":37}},{"start":{"line":31,"column":20},"end":{"line":31,"column":61}},{"start":{"line":32,"column":20},"end":{"line":32,"column":70}},{"start":{"line":33,"column":20},"end":{"line":33,"column":26}}]},"3":{"line":37,"type":"cond-expr","locations":[{"start":{"line":38,"column":14},"end":{"line":38,"column":20}},{"start":{"line":39,"column":14},"end":{"line":39,"column":20}}]},"4":{"line":40,"type":"switch","locations":[{"start":{"line":42,"column":8},"end":{"line":47,"column":18}},{"start":{"line":49,"column":8},"end":{"line":52,"column":18}}]},"5":{"line":44,"type":"binary-expr","locations":[{"start":{"line":44,"column":16},"end":{"line":44,"column":44}},{"start":{"line":44,"column":48},"end":{"line":44,"column":66}}]},"6":{"line":50,"type":"binary-expr","locations":[{"start":{"line":50,"column":21},"end":{"line":50,"column":49}},{"start":{"line":50,"column":53},"end":{"line":50,"column":72}}]},"7":{"line":64,"type":"switch","locations":[{"start":{"line":69,"column":4},"end":{"line":70,"column":14}},{"start":{"line":75,"column":4},"end":{"line":76,"column":14}}]},"8":{"line":85,"type":"switch","locations":[{"start":{"line":90,"column":4},"end":{"line":105,"column":14}},{"start":{"line":111,"column":4},"end":{"line":193,"column":14},"skip":true}]},"9":{"line":91,"type":"binary-expr","locations":[{"start":{"line":91,"column":42},"end":{"line":91,"column":73}},{"start":{"line":91,"column":77},"end":{"line":99,"column":9}}]},"10":{"line":102,"type":"binary-expr","locations":[{"start":{"line":102,"column":18},"end":{"line":102,"column":32}},{"start":{"line":103,"column":12},"end":{"line":103,"column":53}},{"start":{"line":104,"column":12},"end":{"line":104,"column":61}}]},"11":{"line":112,"type":"binary-expr","locations":[{"start":{"line":112,"column":45},"end":{"line":112,"column":79},"skip":true},{"start":{"line":112,"column":83},"end":{"line":121,"column":9},"skip":true}]},"12":{"line":123,"type":"binary-expr","locations":[{"start":{"line":123,"column":42},"end":{"line":123,"column":73},"skip":true},{"start":{"line":123,"column":77},"end":{"line":136,"column":9},"skip":true}]},"13":{"line":138,"type":"binary-expr","locations":[{"start":{"line":138,"column":48},"end":{"line":138,"column":85},"skip":true},{"start":{"line":139,"column":12},"end":{"line":145,"column":13},"skip":true}]},"14":{"line":147,"type":"binary-expr","locations":[{"start":{"line":147,"column":42},"end":{"line":147,"column":73},"skip":true},{"start":{"line":147,"column":77},"end":{"line":156,"column":9},"skip":true}]},"15":{"line":158,"type":"binary-expr","locations":[{"start":{"line":158,"column":45},"end":{"line":158,"column":79},"skip":true},{"start":{"line":158,"column":83},"end":{"line":167,"column":9},"skip":true}]},"16":{"line":169,"type":"binary-expr","locations":[{"start":{"line":169,"column":43},"end":{"line":169,"column":75},"skip":true},{"start":{"line":169,"column":79},"end":{"line":178,"column":9},"skip":true}]},"17":{"line":180,"type":"binary-expr","locations":[{"start":{"line":180,"column":41},"end":{"line":180,"column":71},"skip":true},{"start":{"line":180,"column":75},"end":{"line":189,"column":9},"skip":true}]}},"code":["/* istanbul instrument in package npmtest_turbine_js */","/*jslint","    bitwise: true,","    browser: true,","    maxerr: 8,","    maxlen: 96,","    node: true,","    nomen: true,","    regexp: true,","    stupid: true","*/","(function () {","    'use strict';","    var local;","","","","    // run shared js-env code - pre-init","    (function () {","        // init local","        local = {};","        // init modeJs","        local.modeJs = (function () {","            try {","                return typeof navigator.userAgent === 'string' &&","                    typeof document.querySelector('body') === 'object' &&","                    typeof XMLHttpRequest.prototype.open === 'function' &&","                    'browser';","            } catch (errorCaughtBrowser) {","                return module.exports &&","                    typeof process.versions.node === 'string' &&","                    typeof require('http').createServer === 'function' &&","                    'node';","            }","        }());","        // init global","        local.global = local.modeJs === 'browser'","            ? window","            : global;","        switch (local.modeJs) {","        // re-init local from window.local","        case 'browser':","            local = local.global.utility2.objectSetDefault(","                local.global.utility2_rollup || local.global.local,","                local.global.utility2","            );","            break;","        // re-init local from example.js","        case 'node':","            local = (local.global.utility2_rollup || require('utility2'))","                .requireExampleJsFromReadme();","            break;","        }","        // export local","        local.global.local = local;","    }());","","","","    // run shared js-env code - function","    (function () {","        return;","    }());","    switch (local.modeJs) {","","","","    // run browser js-env code - function","    case 'browser':","        break;","","","","    // run node js-env code - function","    case 'node':","        break;","    }","","","","    // run shared js-env code - post-init","    (function () {","        return;","    }());","    switch (local.modeJs) {","","","","    // run browser js-env code - post-init","    case 'browser':","        local.testCase_browser_nullCase = local.testCase_browser_nullCase || function (","            options,","            onError","        ) {","        /*","         * this function will test browsers's null-case handling-behavior-behavior","         */","            onError(null, options);","        };","","        // run tests","        local.nop(local.modeTest &&","            document.querySelector('#testRunButton1') &&","            document.querySelector('#testRunButton1').click());","        break;","","","","    // run node js-env code - post-init","    /* istanbul ignore next */","    case 'node':","        local.testCase_buildApidoc_default = local.testCase_buildApidoc_default || function (","            options,","            onError","        ) {","        /*","         * this function will test buildApidoc's default handling-behavior-behavior","         */","            options = { modulePathList: module.paths };","            local.buildApidoc(options, onError);","        };","","        local.testCase_buildApp_default = local.testCase_buildApp_default || function (","            options,","            onError","        ) {","        /*","         * this function will test buildApp's default handling-behavior-behavior","         */","            local.testCase_buildReadme_default(options, local.onErrorThrow);","            local.testCase_buildLib_default(options, local.onErrorThrow);","            local.testCase_buildTest_default(options, local.onErrorThrow);","            local.testCase_buildCustomOrg_default(options, local.onErrorThrow);","            options = [];","            local.buildApp(options, onError);","        };","","        local.testCase_buildCustomOrg_default = local.testCase_buildCustomOrg_default ||","            function (options, onError) {","            /*","             * this function will test buildCustomOrg's default handling-behavior","             */","                options = {};","                local.buildCustomOrg(options, onError);","            };","","        local.testCase_buildLib_default = local.testCase_buildLib_default || function (","            options,","            onError","        ) {","        /*","         * this function will test buildLib's default handling-behavior","         */","            options = {};","            local.buildLib(options, onError);","        };","","        local.testCase_buildReadme_default = local.testCase_buildReadme_default || function (","            options,","            onError","        ) {","        /*","         * this function will test buildReadme's default handling-behavior-behavior","         */","            options = {};","            local.buildReadme(options, onError);","        };","","        local.testCase_buildTest_default = local.testCase_buildTest_default || function (","            options,","            onError","        ) {","        /*","         * this function will test buildTest's default handling-behavior","         */","            options = {};","            local.buildTest(options, onError);","        };","","        local.testCase_webpage_default = local.testCase_webpage_default || function (","            options,","            onError","        ) {","        /*","         * this function will test webpage's default handling-behavior","         */","            options = { modeCoverageMerge: true, url: local.serverLocalHost + '?modeTest=1' };","            local.browserTest(options, onError);","        };","","        // run test-server","        local.testRunServer(local);","        break;","    }","}());",""],"l":{"12":2,"14":2,"19":2,"21":2,"23":2,"24":2,"25":2,"30":1,"37":2,"40":2,"43":1,"47":1,"50":1,"52":1,"55":2,"61":2,"62":2,"64":2,"70":1,"76":1,"82":2,"83":2,"85":2,"91":1,"98":1,"102":1,"105":1,"112":1,"119":1,"120":1,"123":1,"130":1,"131":1,"132":1,"133":1,"134":1,"135":1,"138":1,"143":2,"144":2,"147":1,"154":2,"155":2,"158":1,"165":2,"166":2,"169":1,"176":2,"177":2,"180":1,"187":1,"188":1,"192":1,"193":1}},"/home/travis/build/npmtest/node-npmtest-turbine.js/lib.npmtest_turbine.js.js":{"path":"/home/travis/build/npmtest/node-npmtest-turbine.js/lib.npmtest_turbine.js.js","s":{"1":2,"2":2,"3":2,"4":2,"5":2,"6":2,"7":2,"8":1,"9":2,"10":2,"11":2,"12":2,"13":1,"14":1,"15":1,"16":1},"b":{"1":[2,1,1,1],"2":[1,1,1,1],"3":[1,1],"4":[2,2],"5":[1,1]},"f":{"1":2,"2":2,"3":2},"fnMap":{"1":{"name":"(anonymous_1)","line":12,"loc":{"start":{"line":12,"column":1},"end":{"line":12,"column":13}}},"2":{"name":"(anonymous_2)","line":19,"loc":{"start":{"line":19,"column":5},"end":{"line":19,"column":17}}},"3":{"name":"(anonymous_3)","line":23,"loc":{"start":{"line":23,"column":24},"end":{"line":23,"column":36}}}},"statementMap":{"1":{"start":{"line":12,"column":0},"end":{"line":53,"column":5}},"2":{"start":{"line":14,"column":4},"end":{"line":14,"column":14}},"3":{"start":{"line":19,"column":4},"end":{"line":52,"column":9}},"4":{"start":{"line":21,"column":8},"end":{"line":21,"column":19}},"5":{"start":{"line":23,"column":8},"end":{"line":35,"column":13}},"6":{"start":{"line":24,"column":12},"end":{"line":34,"column":13}},"7":{"start":{"line":25,"column":16},"end":{"line":28,"column":30}},"8":{"start":{"line":30,"column":16},"end":{"line":33,"column":27}},"9":{"start":{"line":37,"column":8},"end":{"line":39,"column":21}},"10":{"start":{"line":41,"column":8},"end":{"line":41,"column":54}},"11":{"start":{"line":43,"column":8},"end":{"line":43,"column":55}},"12":{"start":{"line":45,"column":8},"end":{"line":51,"column":9}},"13":{"start":{"line":46,"column":12},"end":{"line":46,"column":61}},"14":{"start":{"line":48,"column":12},"end":{"line":48,"column":35}},"15":{"start":{"line":49,"column":12},"end":{"line":49,"column":49}},"16":{"start":{"line":50,"column":12},"end":{"line":50,"column":43}}},"branchMap":{"1":{"line":25,"type":"binary-expr","locations":[{"start":{"line":25,"column":23},"end":{"line":25,"column":62}},{"start":{"line":26,"column":20},"end":{"line":26,"column":70}},{"start":{"line":27,"column":20},"end":{"line":27,"column":71}},{"start":{"line":28,"column":20},"end":{"line":28,"column":29}}]},"2":{"line":30,"type":"binary-expr","locations":[{"start":{"line":30,"column":23},"end":{"line":30,"column":37}},{"start":{"line":31,"column":20},"end":{"line":31,"column":61}},{"start":{"line":32,"column":20},"end":{"line":32,"column":70}},{"start":{"line":33,"column":20},"end":{"line":33,"column":26}}]},"3":{"line":37,"type":"cond-expr","locations":[{"start":{"line":38,"column":14},"end":{"line":38,"column":20}},{"start":{"line":39,"column":14},"end":{"line":39,"column":20}}]},"4":{"line":41,"type":"binary-expr","locations":[{"start":{"line":41,"column":16},"end":{"line":41,"column":44}},{"start":{"line":41,"column":48},"end":{"line":41,"column":53}}]},"5":{"line":45,"type":"if","locations":[{"start":{"line":45,"column":8},"end":{"line":45,"column":8}},{"start":{"line":45,"column":8},"end":{"line":45,"column":8}}]}},"code":["/* istanbul instrument in package npmtest_turbine_js */","/*jslint","    bitwise: true,","    browser: true,","    maxerr: 8,","    maxlen: 96,","    node: true,","    nomen: true,","    regexp: true,","    stupid: true","*/","(function () {","    'use strict';","    var local;","","","","    // run shared js-env code - pre-init","    (function () {","        // init local","        local = {};","        // init modeJs","        local.modeJs = (function () {","            try {","                return typeof navigator.userAgent === 'string' &&","                    typeof document.querySelector('body') === 'object' &&","                    typeof XMLHttpRequest.prototype.open === 'function' &&","                    'browser';","            } catch (errorCaughtBrowser) {","                return module.exports &&","                    typeof process.versions.node === 'string' &&","                    typeof require('http').createServer === 'function' &&","                    'node';","            }","        }());","        // init global","        local.global = local.modeJs === 'browser'","            ? window","            : global;","        // init utility2_rollup","        local = local.global.utility2_rollup || local;","        // init lib","        local.local = local.npmtest_turbine_js = local;","        // init exports","        if (local.modeJs === 'browser') {","            local.global.utility2_npmtest_turbine_js = local;","        } else {","            module.exports = local;","            module.exports.__dirname = __dirname;","            module.exports.module = module;","        }","    }());","}());",""],"l":{"12":2,"14":2,"19":2,"21":2,"23":2,"24":2,"25":2,"30":1,"37":2,"41":2,"43":2,"45":2,"46":1,"48":1,"49":1,"50":1}},"/home/travis/build/npmtest/node-npmtest-turbine.js/example.js":{"path":"/home/travis/build/npmtest/node-npmtest-turbine.js/example.js","s":{"1":2,"2":2,"3":2,"4":2,"5":2,"6":2,"7":2,"8":1,"9":2,"10":2,"11":2,"12":2,"13":1,"14":2,"15":2,"16":2,"17":2,"18":2,"19":0,"20":2,"21":1,"22":1,"23":1,"24":1,"25":1,"26":0,"27":0,"28":1,"29":1,"30":2,"31":0,"32":0,"33":0,"34":1,"35":2,"36":2,"37":3,"38":3,"39":3,"40":3,"41":0,"42":3,"43":3,"44":3,"45":1,"46":3,"47":1,"48":1,"49":1,"50":1,"51":1,"52":1,"53":1,"54":1,"55":1,"56":1,"57":0,"58":1,"59":6,"60":6,"61":1,"62":2,"63":0,"64":2,"65":1,"66":1,"67":0,"68":0,"69":0,"70":0,"71":0,"72":0,"73":0,"74":0,"75":0,"76":0,"77":0,"78":0,"79":0,"80":0,"81":0,"82":0,"83":0},"b":{"1":[2,1,1,1],"2":[1,1,1,1],"3":[1,1],"4":[2,2],"5":[1,1],"6":[1,1],"7":[2,0],"8":[2,1,1,1,1,1],"9":[0,2,0],"10":[1,1],"11":[2,1,1],"12":[1,0],"13":[0,2],"14":[2,0,0,0,0,0,0],"15":[0,3],"16":[3,0],"17":[1,1],"18":[0,1],"19":[1,2,0,2],"20":[1,0],"21":[1,1],"22":[0,0],"23":[0,0],"24":[0,0],"25":[0,0],"26":[0,0],"27":[0,0],"28":[0,0]},"f":{"1":2,"2":2,"3":2,"4":2,"5":2,"6":2,"7":3,"8":3,"9":3,"10":1,"11":6,"12":0},"fnMap":{"1":{"name":"(anonymous_1)","line":26,"loc":{"start":{"line":26,"column":1},"end":{"line":26,"column":13}}},"2":{"name":"(anonymous_2)","line":33,"loc":{"start":{"line":33,"column":5},"end":{"line":33,"column":17}}},"3":{"name":"(anonymous_3)","line":37,"loc":{"start":{"line":37,"column":24},"end":{"line":37,"column":36}}},"4":{"name":"(anonymous_4)","line":69,"loc":{"start":{"line":69,"column":31},"end":{"line":69,"column":48}},"skip":true},"5":{"name":"(anonymous_5)","line":78,"loc":{"start":{"line":78,"column":26},"end":{"line":78,"column":45}},"skip":true},"6":{"name":"(anonymous_6)","line":123,"loc":{"start":{"line":123,"column":33},"end":{"line":123,"column":48}},"skip":true},"7":{"name":"(anonymous_7)","line":125,"loc":{"start":{"line":125,"column":27},"end":{"line":125,"column":39}},"skip":true},"8":{"name":"(anonymous_8)","line":133,"loc":{"start":{"line":133,"column":59},"end":{"line":133,"column":74}},"skip":true},"9":{"name":"(anonymous_9)","line":143,"loc":{"start":{"line":143,"column":45},"end":{"line":143,"column":62}},"skip":true},"10":{"name":"(anonymous_10)","line":144,"loc":{"start":{"line":144,"column":73},"end":{"line":144,"column":92}},"skip":true},"11":{"name":"(anonymous_11)","line":272,"loc":{"start":{"line":272,"column":51},"end":{"line":272,"column":77}},"skip":true},"12":{"name":"(anonymous_12)","line":314,"loc":{"start":{"line":314,"column":32},"end":{"line":314,"column":61}},"skip":true}},"statementMap":{"1":{"start":{"line":26,"column":0},"end":{"line":325,"column":5}},"2":{"start":{"line":28,"column":4},"end":{"line":28,"column":14}},"3":{"start":{"line":33,"column":4},"end":{"line":60,"column":9}},"4":{"start":{"line":35,"column":8},"end":{"line":35,"column":19}},"5":{"start":{"line":37,"column":8},"end":{"line":49,"column":13}},"6":{"start":{"line":38,"column":12},"end":{"line":48,"column":13}},"7":{"start":{"line":39,"column":16},"end":{"line":42,"column":30}},"8":{"start":{"line":44,"column":16},"end":{"line":47,"column":27}},"9":{"start":{"line":51,"column":8},"end":{"line":53,"column":21}},"10":{"start":{"line":55,"column":8},"end":{"line":57,"column":45}},"11":{"start":{"line":59,"column":8},"end":{"line":59,"column":35}},"12":{"start":{"line":61,"column":4},"end":{"line":324,"column":5}},"13":{"start":{"line":69,"column":8},"end":{"line":121,"column":10},"skip":true},"14":{"start":{"line":70,"column":12},"end":{"line":88,"column":13},"skip":true},"15":{"start":{"line":76,"column":16},"end":{"line":87,"column":19},"skip":true},"16":{"start":{"line":79,"column":20},"end":{"line":86,"column":21},"skip":true},"17":{"start":{"line":82,"column":24},"end":{"line":82,"column":43},"skip":true},"18":{"start":{"line":83,"column":24},"end":{"line":83,"column":30},"skip":true},"19":{"start":{"line":85,"column":24},"end":{"line":85,"column":49},"skip":true},"20":{"start":{"line":89,"column":12},"end":{"line":107,"column":13},"skip":true},"21":{"start":{"line":92,"column":16},"end":{"line":102,"column":17},"skip":true},"22":{"start":{"line":93,"column":20},"end":{"line":93,"column":86},"skip":true},"23":{"start":{"line":94,"column":20},"end":{"line":95,"column":45},"skip":true},"24":{"start":{"line":96,"column":20},"end":{"line":96,"column":42},"skip":true},"25":{"start":{"line":97,"column":20},"end":{"line":97,"column":48},"skip":true},"26":{"start":{"line":100,"column":20},"end":{"line":100,"column":85},"skip":true},"27":{"start":{"line":101,"column":20},"end":{"line":101,"column":96},"skip":true},"28":{"start":{"line":103,"column":16},"end":{"line":103,"column":22},"skip":true},"29":{"start":{"line":106,"column":16},"end":{"line":106,"column":22},"skip":true},"30":{"start":{"line":108,"column":12},"end":{"line":120,"column":13},"skip":true},"31":{"start":{"line":114,"column":16},"end":{"line":119,"column":17},"skip":true},"32":{"start":{"line":116,"column":20},"end":{"line":116,"column":78},"skip":true},"33":{"start":{"line":118,"column":20},"end":{"line":118,"column":47},"skip":true},"34":{"start":{"line":123,"column":8},"end":{"line":141,"column":11},"skip":true},"35":{"start":{"line":124,"column":12},"end":{"line":124,"column":54},"skip":true},"36":{"start":{"line":125,"column":12},"end":{"line":140,"column":14},"skip":true},"37":{"start":{"line":126,"column":16},"end":{"line":126,"column":28},"skip":true},"38":{"start":{"line":127,"column":16},"end":{"line":127,"column":69},"skip":true},"39":{"start":{"line":128,"column":16},"end":{"line":128,"column":75},"skip":true},"40":{"start":{"line":129,"column":16},"end":{"line":131,"column":17},"skip":true},"41":{"start":{"line":130,"column":20},"end":{"line":130,"column":27},"skip":true},"42":{"start":{"line":133,"column":16},"end":{"line":137,"column":36},"skip":true},"43":{"start":{"line":134,"column":20},"end":{"line":136,"column":55},"skip":true},"44":{"start":{"line":139,"column":16},"end":{"line":139,"column":57},"skip":true},"45":{"start":{"line":143,"column":8},"end":{"line":147,"column":11},"skip":true},"46":{"start":{"line":144,"column":12},"end":{"line":146,"column":15},"skip":true},"47":{"start":{"line":145,"column":16},"end":{"line":145,"column":70},"skip":true},"48":{"start":{"line":149,"column":8},"end":{"line":149,"column":31},"skip":true},"49":{"start":{"line":150,"column":8},"end":{"line":150,"column":14},"skip":true},"50":{"start":{"line":158,"column":8},"end":{"line":158,"column":31},"skip":true},"51":{"start":{"line":160,"column":8},"end":{"line":160,"column":33},"skip":true},"52":{"start":{"line":161,"column":8},"end":{"line":161,"column":37},"skip":true},"53":{"start":{"line":162,"column":8},"end":{"line":162,"column":35},"skip":true},"54":{"start":{"line":164,"column":8},"end":{"line":164,"column":50},"skip":true},"55":{"start":{"line":166,"column":8},"end":{"line":256,"column":2},"skip":true},"56":{"start":{"line":258,"column":8},"end":{"line":286,"column":9},"skip":true},"57":{"start":{"line":259,"column":12},"end":{"line":269,"column":14},"skip":true},"58":{"start":{"line":271,"column":12},"end":{"line":285,"column":19},"skip":true},"59":{"start":{"line":274,"column":20},"end":{"line":274,"column":35},"skip":true},"60":{"start":{"line":275,"column":20},"end":{"line":284,"column":21},"skip":true},"61":{"start":{"line":277,"column":24},"end":{"line":277,"column":64},"skip":true},"62":{"start":{"line":279,"column":24},"end":{"line":279,"column":40},"skip":true},"63":{"start":{"line":281,"column":24},"end":{"line":281,"column":40},"skip":true},"64":{"start":{"line":283,"column":24},"end":{"line":283,"column":39},"skip":true},"65":{"start":{"line":288,"column":8},"end":{"line":290,"column":9},"skip":true},"66":{"start":{"line":289,"column":12},"end":{"line":289,"column":18},"skip":true},"67":{"start":{"line":291,"column":8},"end":{"line":293,"column":54},"skip":true},"68":{"start":{"line":294,"column":8},"end":{"line":301,"column":37},"skip":true},"69":{"start":{"line":302,"column":8},"end":{"line":302,"column":82},"skip":true},"70":{"start":{"line":305,"column":8},"end":{"line":307,"column":9},"skip":true},"71":{"start":{"line":306,"column":12},"end":{"line":306,"column":82},"skip":true},"72":{"start":{"line":309,"column":8},"end":{"line":311,"column":9},"skip":true},"73":{"start":{"line":310,"column":12},"end":{"line":310,"column":18},"skip":true},"74":{"start":{"line":312,"column":8},"end":{"line":312,"column":54},"skip":true},"75":{"start":{"line":313,"column":8},"end":{"line":313,"column":69},"skip":true},"76":{"start":{"line":314,"column":8},"end":{"line":322,"column":36},"skip":true},"77":{"start":{"line":315,"column":12},"end":{"line":315,"column":61},"skip":true},"78":{"start":{"line":316,"column":12},"end":{"line":319,"column":13},"skip":true},"79":{"start":{"line":317,"column":16},"end":{"line":317,"column":75},"skip":true},"80":{"start":{"line":318,"column":16},"end":{"line":318,"column":23},"skip":true},"81":{"start":{"line":320,"column":12},"end":{"line":320,"column":38},"skip":true},"82":{"start":{"line":321,"column":12},"end":{"line":321,"column":27},"skip":true},"83":{"start":{"line":323,"column":8},"end":{"line":323,"column":14},"skip":true}},"branchMap":{"1":{"line":39,"type":"binary-expr","locations":[{"start":{"line":39,"column":23},"end":{"line":39,"column":62}},{"start":{"line":40,"column":20},"end":{"line":40,"column":70}},{"start":{"line":41,"column":20},"end":{"line":41,"column":71}},{"start":{"line":42,"column":20},"end":{"line":42,"column":29}}]},"2":{"line":44,"type":"binary-expr","locations":[{"start":{"line":44,"column":23},"end":{"line":44,"column":37}},{"start":{"line":45,"column":20},"end":{"line":45,"column":61}},{"start":{"line":46,"column":20},"end":{"line":46,"column":70}},{"start":{"line":47,"column":20},"end":{"line":47,"column":26}}]},"3":{"line":51,"type":"cond-expr","locations":[{"start":{"line":52,"column":14},"end":{"line":52,"column":20}},{"start":{"line":53,"column":14},"end":{"line":53,"column":20}}]},"4":{"line":55,"type":"binary-expr","locations":[{"start":{"line":55,"column":16},"end":{"line":55,"column":44}},{"start":{"line":55,"column":49},"end":{"line":57,"column":43}}]},"5":{"line":55,"type":"cond-expr","locations":[{"start":{"line":56,"column":14},"end":{"line":56,"column":54}},{"start":{"line":57,"column":14},"end":{"line":57,"column":43}}]},"6":{"line":61,"type":"switch","locations":[{"start":{"line":68,"column":4},"end":{"line":150,"column":14},"skip":true},{"start":{"line":156,"column":4},"end":{"line":323,"column":14},"skip":true}]},"7":{"line":70,"type":"if","locations":[{"start":{"line":70,"column":12},"end":{"line":70,"column":12},"skip":true},{"start":{"line":70,"column":12},"end":{"line":70,"column":12},"skip":true}]},"8":{"line":70,"type":"binary-expr","locations":[{"start":{"line":70,"column":16},"end":{"line":70,"column":22},"skip":true},{"start":{"line":70,"column":27},"end":{"line":70,"column":32},"skip":true},{"start":{"line":71,"column":20},"end":{"line":71,"column":39},"skip":true},{"start":{"line":72,"column":20},"end":{"line":72,"column":49},"skip":true},{"start":{"line":73,"column":20},"end":{"line":73,"column":58},"skip":true},{"start":{"line":74,"column":20},"end":{"line":74,"column":69},"skip":true}]},"9":{"line":79,"type":"switch","locations":[{"start":{"line":80,"column":20},"end":{"line":80,"column":33},"skip":true},{"start":{"line":81,"column":20},"end":{"line":83,"column":30},"skip":true},{"start":{"line":84,"column":20},"end":{"line":85,"column":49},"skip":true}]},"10":{"line":89,"type":"switch","locations":[{"start":{"line":90,"column":12},"end":{"line":103,"column":22},"skip":true},{"start":{"line":105,"column":12},"end":{"line":106,"column":22},"skip":true}]},"11":{"line":89,"type":"binary-expr","locations":[{"start":{"line":89,"column":20},"end":{"line":89,"column":25},"skip":true},{"start":{"line":89,"column":29},"end":{"line":89,"column":48},"skip":true},{"start":{"line":89,"column":52},"end":{"line":89,"column":74},"skip":true}]},"12":{"line":92,"type":"if","locations":[{"start":{"line":92,"column":16},"end":{"line":92,"column":16},"skip":true},{"start":{"line":92,"column":16},"end":{"line":92,"column":16},"skip":true}]},"13":{"line":108,"type":"if","locations":[{"start":{"line":108,"column":12},"end":{"line":108,"column":12},"skip":true},{"start":{"line":108,"column":12},"end":{"line":108,"column":12},"skip":true}]},"14":{"line":108,"type":"binary-expr","locations":[{"start":{"line":108,"column":16},"end":{"line":108,"column":61},"skip":true},{"start":{"line":108,"column":66},"end":{"line":108,"column":72},"skip":true},{"start":{"line":108,"column":77},"end":{"line":108,"column":82},"skip":true},{"start":{"line":109,"column":20},"end":{"line":109,"column":39},"skip":true},{"start":{"line":110,"column":20},"end":{"line":110,"column":49},"skip":true},{"start":{"line":111,"column":20},"end":{"line":111,"column":58},"skip":true},{"start":{"line":112,"column":20},"end":{"line":112,"column":68},"skip":true}]},"15":{"line":129,"type":"if","locations":[{"start":{"line":129,"column":16},"end":{"line":129,"column":16},"skip":true},{"start":{"line":129,"column":16},"end":{"line":129,"column":16},"skip":true}]},"16":{"line":134,"type":"cond-expr","locations":[{"start":{"line":135,"column":26},"end":{"line":135,"column":29},"skip":true},{"start":{"line":136,"column":26},"end":{"line":136,"column":54},"skip":true}]},"17":{"line":164,"type":"binary-expr","locations":[{"start":{"line":164,"column":27},"end":{"line":164,"column":43},"skip":true},{"start":{"line":164,"column":47},"end":{"line":164,"column":49},"skip":true}]},"18":{"line":258,"type":"if","locations":[{"start":{"line":258,"column":8},"end":{"line":258,"column":8},"skip":true},{"start":{"line":258,"column":8},"end":{"line":258,"column":8},"skip":true}]},"19":{"line":275,"type":"switch","locations":[{"start":{"line":276,"column":20},"end":{"line":277,"column":64},"skip":true},{"start":{"line":278,"column":20},"end":{"line":279,"column":40},"skip":true},{"start":{"line":280,"column":20},"end":{"line":281,"column":40},"skip":true},{"start":{"line":282,"column":20},"end":{"line":283,"column":39},"skip":true}]},"20":{"line":288,"type":"if","locations":[{"start":{"line":288,"column":8},"end":{"line":288,"column":8},"skip":true},{"start":{"line":288,"column":8},"end":{"line":288,"column":8},"skip":true}]},"21":{"line":288,"type":"binary-expr","locations":[{"start":{"line":288,"column":12},"end":{"line":288,"column":40},"skip":true},{"start":{"line":288,"column":44},"end":{"line":288,"column":67},"skip":true}]},"22":{"line":292,"type":"binary-expr","locations":[{"start":{"line":292,"column":12},"end":{"line":292,"column":50},"skip":true},{"start":{"line":293,"column":12},"end":{"line":293,"column":53},"skip":true}]},"23":{"line":295,"type":"binary-expr","locations":[{"start":{"line":295,"column":12},"end":{"line":295,"column":68},"skip":true},{"start":{"line":296,"column":12},"end":{"line":301,"column":36},"skip":true}]},"24":{"line":302,"type":"binary-expr","locations":[{"start":{"line":302,"column":43},"end":{"line":302,"column":75},"skip":true},{"start":{"line":302,"column":79},"end":{"line":302,"column":81},"skip":true}]},"25":{"line":305,"type":"if","locations":[{"start":{"line":305,"column":8},"end":{"line":305,"column":8},"skip":true},{"start":{"line":305,"column":8},"end":{"line":305,"column":8},"skip":true}]},"26":{"line":309,"type":"if","locations":[{"start":{"line":309,"column":8},"end":{"line":309,"column":8},"skip":true},{"start":{"line":309,"column":8},"end":{"line":309,"column":8},"skip":true}]},"27":{"line":312,"type":"binary-expr","locations":[{"start":{"line":312,"column":27},"end":{"line":312,"column":43},"skip":true},{"start":{"line":312,"column":47},"end":{"line":312,"column":53},"skip":true}]},"28":{"line":316,"type":"if","locations":[{"start":{"line":316,"column":12},"end":{"line":316,"column":12},"skip":true},{"start":{"line":316,"column":12},"end":{"line":316,"column":12},"skip":true}]}},"code":["/*","example.js","","quickstart example","","instruction","    1. save this script as example.js","    2. run the shell command:","        $ npm install npmtest-turbine.js && PORT=8081 node example.js","    3. play with the browser-demo on http://127.0.0.1:8081","*/","","","","/* istanbul instrument in package npmtest_turbine_js */","/*jslint","    bitwise: true,","    browser: true,","    maxerr: 8,","    maxlen: 96,","    node: true,","    nomen: true,","    regexp: true,","    stupid: true","*/","(function () {","    'use strict';","    var local;","","","","    // run shared js-env code - pre-init","    (function () {","        // init local","        local = {};","        // init modeJs","        local.modeJs = (function () {","            try {","                return typeof navigator.userAgent === 'string' &&","                    typeof document.querySelector('body') === 'object' &&","                    typeof XMLHttpRequest.prototype.open === 'function' &&","                    'browser';","            } catch (errorCaughtBrowser) {","                return module.exports &&","                    typeof process.versions.node === 'string' &&","                    typeof require('http').createServer === 'function' &&","                    'node';","            }","        }());","        // init global","        local.global = local.modeJs === 'browser'","            ? window","            : global;","        // init utility2_rollup","        local = local.global.utility2_rollup || (local.modeJs === 'browser'","            ? local.global.utility2_npmtest_turbine_js","            : global.utility2_moduleExports);","        // export local","        local.global.local = local;","    }());","    switch (local.modeJs) {","","","","    // post-init","    // run browser js-env code - post-init","    /* istanbul ignore next */","    case 'browser':","        local.testRunBrowser = function (event) {","            if (!event || (event &&","                    event.currentTarget &&","                    event.currentTarget.className &&","                    event.currentTarget.className.includes &&","                    event.currentTarget.className.includes('onreset'))) {","                // reset output","                Array.from(","                    document.querySelectorAll('body > .resettable')","                ).forEach(function (element) {","                    switch (element.tagName) {","                    case 'INPUT':","                    case 'TEXTAREA':","                        element.value = '';","                        break;","                    default:","                        element.textContent = '';","                    }","                });","            }","            switch (event && event.currentTarget && event.currentTarget.id) {","            case 'testRunButton1':","                // show tests","                if (document.querySelector('#testReportDiv1').style.display === 'none') {","                    document.querySelector('#testReportDiv1').style.display = 'block';","                    document.querySelector('#testRunButton1').textContent =","                        'hide internal test';","                    local.modeTest = true;","                    local.testRunDefault(local);","                // hide tests","                } else {","                    document.querySelector('#testReportDiv1').style.display = 'none';","                    document.querySelector('#testRunButton1').textContent = 'run internal test';","                }","                break;","            // custom-case","            default:","                break;","            }","            if (document.querySelector('#inputTextareaEval1') && (!event || (event &&","                    event.currentTarget &&","                    event.currentTarget.className &&","                    event.currentTarget.className.includes &&","                    event.currentTarget.className.includes('oneval')))) {","                // try to eval input-code","                try {","                    /*jslint evil: true*/","                    eval(document.querySelector('#inputTextareaEval1').value);","                } catch (errorCaught) {","                    console.error(errorCaught);","                }","            }","        };","        // log stderr and stdout to #outputTextareaStdout1","        ['error', 'log'].forEach(function (key) {","            console[key + '_original'] = console[key];","            console[key] = function () {","                var element;","                console[key + '_original'].apply(console, arguments);","                element = document.querySelector('#outputTextareaStdout1');","                if (!element) {","                    return;","                }","                // append text to #outputTextareaStdout1","                element.value += Array.from(arguments).map(function (arg) {","                    return typeof arg === 'string'","                        ? arg","                        : JSON.stringify(arg, null, 4);","                }).join(' ') + '\\n';","                // scroll textarea to bottom","                element.scrollTop = element.scrollHeight;","            };","        });","        // init event-handling","        ['change', 'click', 'keyup'].forEach(function (event) {","            Array.from(document.querySelectorAll('.on' + event)).forEach(function (element) {","                element.addEventListener(event, local.testRunBrowser);","            });","        });","        // run tests","        local.testRunBrowser();","        break;","","","","    // run node js-env code - post-init","    /* istanbul ignore next */","    case 'node':","        // export local","        module.exports = local;","        // require modules","        local.fs = require('fs');","        local.http = require('http');","        local.url = require('url');","        // init assets","        local.assetsDict = local.assetsDict || {};","        /* jslint-ignore-begin */","        local.assetsDict['/assets.index.template.html'] = '\\","<!doctype html>\\n\\","<html lang=\"en\">\\n\\","<head>\\n\\","<meta charset=\"UTF-8\">\\n\\","<meta name=\"viewport\" content=\"width=device-width, initial-scale=1\">\\n\\","<title>{{env.npm_package_name}} (v{{env.npm_package_version}})</title>\\n\\","<style>\\n\\","/*csslint\\n\\","    box-sizing: false,\\n\\","    universal-selector: false\\n\\","*/\\n\\","* {\\n\\","    box-sizing: border-box;\\n\\","}\\n\\","body {\\n\\","    background: #dde;\\n\\","    font-family: Arial, Helvetica, sans-serif;\\n\\","    margin: 2rem;\\n\\","}\\n\\","body > * {\\n\\","    margin-bottom: 1rem;\\n\\","}\\n\\",".utility2FooterDiv {\\n\\","    margin-top: 20px;\\n\\","    text-align: center;\\n\\","}\\n\\","</style>\\n\\","<style>\\n\\","/*csslint\\n\\","*/\\n\\","textarea {\\n\\","    font-family: monospace;\\n\\","    height: 10rem;\\n\\","    width: 100%;\\n\\","}\\n\\","textarea[readonly] {\\n\\","    background: #ddd;\\n\\","}\\n\\","</style>\\n\\","</head>\\n\\","<body>\\n\\","<!-- utility2-comment\\n\\","<div id=\"ajaxProgressDiv1\" style=\"background: #d00; height: 2px; left: 0; margin: 0; padding: 0; position: fixed; top: 0; transition: background 0.5s, width 1.5s; width: 25%;\"></div>\\n\\","utility2-comment -->\\n\\","<h1>\\n\\","<!-- utility2-comment\\n\\","    <a\\n\\","        {{#if env.npm_package_homepage}}\\n\\","        href=\"{{env.npm_package_homepage}}\"\\n\\","        {{/if env.npm_package_homepage}}\\n\\","        target=\"_blank\"\\n\\","    >\\n\\","utility2-comment -->\\n\\","        {{env.npm_package_name}} (v{{env.npm_package_version}})\\n\\","<!-- utility2-comment\\n\\","    </a>\\n\\","utility2-comment -->\\n\\","</h1>\\n\\","<h3>{{env.npm_package_description}}</h3>\\n\\","<!-- utility2-comment\\n\\","<h4><a download href=\"assets.app.js\">download standalone app</a></h4>\\n\\","<button class=\"onclick onreset\" id=\"testRunButton1\">run internal test</button><br>\\n\\","<div id=\"testReportDiv1\" style=\"display: none;\"></div>\\n\\","utility2-comment -->\\n\\","\\n\\","\\n\\","\\n\\","<label>stderr and stdout</label>\\n\\","<textarea class=\"resettable\" id=\"outputTextareaStdout1\" readonly></textarea>\\n\\","<!-- utility2-comment\\n\\","{{#if isRollup}}\\n\\","<script src=\"assets.app.js\"></script>\\n\\","{{#unless isRollup}}\\n\\","utility2-comment -->\\n\\","<script src=\"assets.utility2.rollup.js\"></script>\\n\\","<script src=\"jsonp.utility2._stateInit?callback=window.utility2._stateInit\"></script>\\n\\","<script src=\"assets.npmtest_turbine_js.rollup.js\"></script>\\n\\","<script src=\"assets.example.js\"></script>\\n\\","<script src=\"assets.test.js\"></script>\\n\\","<!-- utility2-comment\\n\\","{{/if isRollup}}\\n\\","utility2-comment -->\\n\\","<div class=\"utility2FooterDiv\">\\n\\","    [ this app was created with\\n\\","    <a href=\"https://github.com/kaizhu256/node-utility2\" target=\"_blank\">utility2</a>\\n\\","    ]\\n\\","</div>\\n\\","</body>\\n\\","</html>\\n\\","';","        /* jslint-ignore-end */","        if (local.templateRender) {","            local.assetsDict['/'] = local.templateRender(","                local.assetsDict['/assets.index.template.html'],","                {","                    env: local.objectSetDefault(local.env, {","                        npm_package_description: 'the greatest app in the world!',","                        npm_package_name: 'my-app',","                        npm_package_nameAlias: 'my_app',","                        npm_package_version: '0.0.1'","                    })","                }","            );","        } else {","            local.assetsDict['/'] = local.assetsDict['/assets.index.template.html']","                .replace((/\\{\\{env\\.(\\w+?)\\}\\}/g), function (match0, match1) {","                    // jslint-hack","                    String(match0);","                    switch (match1) {","                    case 'npm_package_description':","                        return 'the greatest app in the world!';","                    case 'npm_package_name':","                        return 'my-app';","                    case 'npm_package_nameAlias':","                        return 'my_app';","                    case 'npm_package_version':","                        return '0.0.1';","                    }","                });","        }","        // run the cli","        if (local.global.utility2_rollup || module !== require.main) {","            break;","        }","        local.assetsDict['/assets.example.js'] =","            local.assetsDict['/assets.example.js'] ||","            local.fs.readFileSync(__filename, 'utf8');","        local.assetsDict['/assets.npmtest_turbine_js.rollup.js'] =","            local.assetsDict['/assets.npmtest_turbine_js.rollup.js'] ||","            local.fs.readFileSync(","                // buildCustomOrg-hack","                local.npmtest_turbine_js.__dirname +","                    '/lib.npmtest_turbine_js.js',","                'utf8'","            ).replace((/^#!/), '//');","        local.assetsDict['/favicon.ico'] = local.assetsDict['/favicon.ico'] || '';","        // if $npm_config_timeout_exit exists,","        // then exit this process after $npm_config_timeout_exit ms","        if (Number(process.env.npm_config_timeout_exit)) {","            setTimeout(process.exit, Number(process.env.npm_config_timeout_exit));","        }","        // start server","        if (local.global.utility2_serverHttp1) {","            break;","        }","        process.env.PORT = process.env.PORT || '8081';","        console.error('server starting on port ' + process.env.PORT);","        local.http.createServer(function (request, response) {","            request.urlParsed = local.url.parse(request.url);","            if (local.assetsDict[request.urlParsed.pathname] !== undefined) {","                response.end(local.assetsDict[request.urlParsed.pathname]);","                return;","            }","            response.statusCode = 404;","            response.end();","        }).listen(process.env.PORT);","        break;","    }","}());",""],"l":{"26":2,"28":2,"33":2,"35":2,"37":2,"38":2,"39":2,"44":1,"51":2,"55":2,"59":2,"61":2,"69":1,"70":2,"76":2,"79":2,"82":2,"83":2,"85":1,"89":2,"92":1,"93":1,"94":1,"96":1,"97":1,"100":1,"101":1,"103":1,"106":1,"108":2,"114":1,"116":1,"118":1,"123":1,"124":2,"125":2,"126":3,"127":3,"128":3,"129":3,"130":1,"133":3,"134":3,"139":3,"143":1,"144":3,"145":1,"149":1,"150":1,"158":1,"160":1,"161":1,"162":1,"164":1,"166":1,"258":1,"259":1,"271":1,"274":6,"275":6,"277":1,"279":2,"281":1,"283":2,"288":1,"289":1,"291":1,"294":1,"302":1,"305":1,"306":1,"309":1,"310":1,"312":1,"313":1,"314":1,"315":1,"316":1,"317":1,"318":1,"320":1,"321":1,"323":1}},"/home/travis/build/npmtest/node-npmtest-turbine.js/node_modules/turbine.js/src/Turbine.js":{"path":"/home/travis/build/npmtest/node-npmtest-turbine.js/node_modules/turbine.js/src/Turbine.js","s":{"1":1,"2":1,"3":1,"4":1,"5":1,"6":1,"7":1,"8":1,"9":1,"10":1,"11":1,"12":0,"13":0,"14":0,"15":0,"16":1,"17":0,"18":0,"19":0,"20":0,"21":0,"22":0,"23":0,"24":0,"25":0,"26":0,"27":0,"28":0,"29":0,"30":0,"31":0,"32":0,"33":0,"34":0,"35":0,"36":0,"37":0,"38":0,"39":0,"40":0,"41":0,"42":0,"43":0,"44":0,"45":0,"46":0,"47":0,"48":0,"49":0,"50":0,"51":0,"52":0,"53":0,"54":1,"55":0,"56":0,"57":0,"58":0,"59":0,"60":0,"61":0,"62":0,"63":0,"64":0,"65":0,"66":0,"67":0,"68":0,"69":0,"70":0,"71":0,"72":0,"73":0,"74":0,"75":0,"76":0,"77":0,"78":0,"79":0,"80":0,"81":0,"82":0,"83":0,"84":0,"85":0,"86":0,"87":0,"88":0,"89":0,"90":0,"91":0,"92":0,"93":0,"94":0,"95":0,"96":0,"97":0,"98":0,"99":0,"100":0,"101":0,"102":0,"103":0,"104":0,"105":0,"106":0,"107":0,"108":0,"109":0,"110":0,"111":0,"112":0,"113":0,"114":0,"115":0,"116":0,"117":0,"118":0,"119":0,"120":0,"121":0,"122":0,"123":0,"124":0,"125":0,"126":0,"127":0,"128":0,"129":0,"130":0,"131":0,"132":0,"133":0,"134":0,"135":0,"136":0,"137":0,"138":0,"139":0,"140":0,"141":0,"142":0,"143":0,"144":0,"145":0,"146":0,"147":0,"148":0,"149":0,"150":0,"151":0,"152":0,"153":0,"154":0,"155":0,"156":0,"157":0,"158":0,"159":0,"160":0,"161":0,"162":0,"163":0,"164":0,"165":0,"166":0,"167":0,"168":0,"169":0,"170":0,"171":0,"172":0,"173":0,"174":0,"175":0,"176":0,"177":0,"178":0,"179":0,"180":0,"181":0,"182":0,"183":0,"184":0,"185":0,"186":0,"187":0,"188":0,"189":0,"190":0,"191":0,"192":0,"193":0,"194":0,"195":0,"196":0,"197":0,"198":0,"199":0,"200":0,"201":0,"202":0,"203":0,"204":0,"205":0,"206":0,"207":0,"208":0,"209":0,"210":0,"211":0,"212":0,"213":0,"214":0,"215":0,"216":0,"217":0,"218":0,"219":0,"220":0,"221":0,"222":0,"223":0,"224":0,"225":0,"226":0,"227":0,"228":0,"229":0,"230":0,"231":0,"232":0,"233":0,"234":0,"235":0,"236":0,"237":0,"238":0,"239":0,"240":0,"241":0,"242":0,"243":0,"244":0,"245":0,"246":0,"247":0,"248":0,"249":0,"250":0,"251":0,"252":0,"253":0,"254":0,"255":0,"256":0,"257":0,"258":0,"259":0,"260":0,"261":0,"262":0,"263":0,"264":0,"265":0,"266":0,"267":0,"268":0,"269":0,"270":0,"271":0,"272":0,"273":0,"274":0,"275":0,"276":0,"277":0,"278":0,"279":0,"280":0,"281":0,"282":0,"283":0,"284":0,"285":0,"286":0,"287":0,"288":0,"289":0,"290":0,"291":0,"292":0,"293":0,"294":0,"295":0,"296":0,"297":0,"298":0,"299":0,"300":0,"301":0,"302":0,"303":0,"304":0,"305":0,"306":0,"307":0,"308":0,"309":0,"310":0,"311":0,"312":0,"313":0,"314":0,"315":0,"316":0,"317":0,"318":0,"319":0,"320":0,"321":0,"322":0,"323":0,"324":0,"325":0,"326":0,"327":0,"328":0,"329":0,"330":0,"331":0,"332":0,"333":0,"334":0,"335":0,"336":0,"337":0,"338":0,"339":0,"340":0,"341":0,"342":0,"343":0,"344":0,"345":0,"346":0,"347":0,"348":0,"349":0,"350":0,"351":0,"352":0,"353":0,"354":0,"355":0,"356":0,"357":0,"358":0,"359":0,"360":0,"361":0,"362":0,"363":0,"364":0,"365":0,"366":0,"367":0,"368":0,"369":0,"370":0,"371":0,"372":0,"373":0,"374":0,"375":0,"376":0,"377":0,"378":0,"379":0,"380":0,"381":0,"382":0,"383":0,"384":0,"385":0,"386":0,"387":0,"388":0,"389":0,"390":0,"391":0,"392":0,"393":0,"394":0,"395":0,"396":0,"397":0,"398":0,"399":0,"400":0,"401":0,"402":0,"403":0,"404":0,"405":0,"406":0,"407":0,"408":0,"409":0,"410":0,"411":0,"412":0,"413":0,"414":0,"415":0,"416":0,"417":0,"418":0,"419":0,"420":0,"421":0,"422":0,"423":0,"424":0,"425":0,"426":0,"427":0,"428":0,"429":0,"430":0,"431":0,"432":0,"433":0,"434":0,"435":0,"436":0,"437":0,"438":0,"439":0,"440":0,"441":0,"442":0,"443":0,"444":0,"445":0,"446":0,"447":0,"448":0,"449":0,"450":0,"451":0,"452":0,"453":0,"454":0,"455":0,"456":0,"457":0,"458":0,"459":0,"460":0,"461":0,"462":0,"463":0,"464":0,"465":0,"466":0,"467":0,"468":0,"469":0,"470":0,"471":0,"472":0,"473":0,"474":0,"475":0,"476":0,"477":0,"478":0,"479":0,"480":0,"481":0,"482":0,"483":0,"484":0,"485":0,"486":0,"487":0,"488":0,"489":0,"490":0,"491":0,"492":0,"493":0,"494":0,"495":0,"496":0,"497":0,"498":0,"499":0,"500":0,"501":0,"502":0,"503":0,"504":0,"505":0,"506":0,"507":0,"508":0,"509":0,"510":0,"511":0,"512":0,"513":0,"514":0,"515":0,"516":0,"517":0,"518":0,"519":0,"520":0,"521":0,"522":0,"523":0,"524":0,"525":0,"526":0,"527":0,"528":0,"529":0,"530":0,"531":0,"532":0,"533":0,"534":0,"535":0,"536":0,"537":0,"538":0,"539":0,"540":0,"541":0,"542":0,"543":0,"544":0,"545":0,"546":0,"547":0,"548":0,"549":0,"550":0,"551":0,"552":0,"553":0,"554":0,"555":0,"556":0,"557":0,"558":0,"559":0,"560":0,"561":0,"562":0,"563":0,"564":0,"565":0,"566":0,"567":0,"568":0,"569":0,"570":0,"571":0,"572":0,"573":0,"574":0,"575":0,"576":1,"577":0,"578":0,"579":1},"b":{"1":[1,0],"2":[1,1],"3":[1,0],"4":[1,1],"5":[0,1],"6":[0,1],"7":[0,1],"8":[0,1],"9":[0,1],"10":[0,0],"11":[0,0],"12":[0,0],"13":[0,0],"14":[0,0],"15":[0,0],"16":[0,0],"17":[0,0],"18":[0,0],"19":[0,0],"20":[0,0],"21":[0,0],"22":[0,0,0,0],"23":[0,0],"24":[0,0],"25":[0,0],"26":[0,0],"27":[0,0],"28":[0,0],"29":[0,0],"30":[0,0],"31":[0,0],"32":[0,0],"33":[0,0],"34":[0,0],"35":[0,0],"36":[0,0],"37":[0,0],"38":[0,0],"39":[0,0],"40":[0,0],"41":[0,0],"42":[0,0],"43":[0,0],"44":[0,0],"45":[0,0],"46":[0,0],"47":[0,0],"48":[0,0],"49":[0,0],"50":[0,0],"51":[0,0],"52":[0,0],"53":[0,0,0,0],"54":[0,0],"55":[0,0],"56":[0,0],"57":[0,0],"58":[0,0],"59":[0,0],"60":[0,0],"61":[0,0],"62":[0,0],"63":[0,0],"64":[0,0],"65":[0,0],"66":[0,0],"67":[0,0],"68":[0,0],"69":[0,0],"70":[0,0],"71":[0,0],"72":[0,0],"73":[0,0],"74":[0,0],"75":[0,0],"76":[0,0],"77":[0,0],"78":[0,0],"79":[0,0],"80":[0,0],"81":[0,0],"82":[0,0],"83":[0,0],"84":[0,0],"85":[0,0],"86":[0,0],"87":[0,0],"88":[0,0],"89":[0,0],"90":[0,0,0],"91":[0,0],"92":[0,0,0],"93":[0,0],"94":[0,0],"95":[0,0],"96":[0,0],"97":[0,0],"98":[0,0],"99":[0,0],"100":[0,0],"101":[0,0],"102":[0,0],"103":[0,0],"104":[0,0],"105":[0,0],"106":[0,0],"107":[0,0],"108":[0,0],"109":[0,0],"110":[0,0],"111":[0,0],"112":[0,0],"113":[0,0],"114":[0,0],"115":[0,0],"116":[0,0],"117":[0,0],"118":[0,0],"119":[0,0],"120":[0,0],"121":[0,0],"122":[0,0],"123":[0,0],"124":[0,0],"125":[0,0],"126":[0,0],"127":[0,0],"128":[0,0],"129":[0,0],"130":[0,0],"131":[0,0],"132":[0,0],"133":[0,0],"134":[0,0],"135":[0,0],"136":[0,0],"137":[0,0],"138":[0,0],"139":[0,0],"140":[0,0],"141":[0,0],"142":[0,0],"143":[0,0],"144":[0,0],"145":[0,0],"146":[0,0],"147":[0,0],"148":[0,0],"149":[0,0],"150":[0,0],"151":[0,0],"152":[0,0],"153":[0,0],"154":[0,0],"155":[0,0],"156":[0,0],"157":[0,0],"158":[0,0],"159":[0,0],"160":[0,0],"161":[0,0],"162":[0,0],"163":[0,0],"164":[0,0],"165":[0,0],"166":[0,0],"167":[0,0],"168":[0,0],"169":[0,0],"170":[0,0],"171":[0,0],"172":[0,0],"173":[0,0],"174":[0,0],"175":[0,0],"176":[0,0],"177":[0,0],"178":[0,0],"179":[0,0],"180":[0,0],"181":[0,0,0],"182":[0,0],"183":[0,0],"184":[0,0],"185":[0,0],"186":[0,0],"187":[0,0],"188":[0,0],"189":[0,0],"190":[0,0],"191":[0,0],"192":[0,0],"193":[0,0],"194":[0,0],"195":[0,0],"196":[0,0],"197":[0,0],"198":[0,0],"199":[0,0],"200":[0,0],"201":[0,0],"202":[0,0,0],"203":[0,0],"204":[0,0],"205":[0,0,0,0],"206":[0,0],"207":[0,0],"208":[0,0],"209":[0,0],"210":[0,0],"211":[0,1]},"f":{"1":1,"2":0,"3":0,"4":0,"5":0,"6":0,"7":0,"8":0,"9":0,"10":0,"11":0,"12":0,"13":0,"14":0,"15":0,"16":0,"17":0,"18":0,"19":0,"20":0,"21":0,"22":0,"23":0,"24":0,"25":0,"26":0,"27":0,"28":0,"29":0,"30":0,"31":0,"32":0,"33":0,"34":0,"35":0,"36":0,"37":0,"38":0,"39":0,"40":0,"41":0,"42":0,"43":0,"44":0,"45":0,"46":0,"47":0,"48":0,"49":0,"50":0,"51":0,"52":0,"53":0,"54":0,"55":0,"56":0,"57":0,"58":0,"59":0,"60":0,"61":0,"62":0,"63":0,"64":0,"65":0,"66":0,"67":0,"68":0,"69":0,"70":0,"71":0,"72":0,"73":0,"74":0,"75":0,"76":0,"77":0,"78":0,"79":0,"80":0,"81":0,"82":0,"83":0,"84":0,"85":0,"86":0},"fnMap":{"1":{"name":"(anonymous_1)","line":34,"loc":{"start":{"line":34,"column":1},"end":{"line":34,"column":26}}},"2":{"name":"(anonymous_2)","line":41,"loc":{"start":{"line":41,"column":106},"end":{"line":41,"column":117}}},"3":{"name":"(anonymous_3)","line":54,"loc":{"start":{"line":54,"column":34},"end":{"line":54,"column":50}}},"4":{"name":"(anonymous_4)","line":58,"loc":{"start":{"line":58,"column":19},"end":{"line":58,"column":30}}},"5":{"name":"Turbine","line":101,"loc":{"start":{"line":101,"column":18},"end":{"line":101,"column":44}}},"6":{"name":"(anonymous_6)","line":185,"loc":{"start":{"line":185,"column":21},"end":{"line":185,"column":31}}},"7":{"name":"(anonymous_7)","line":191,"loc":{"start":{"line":191,"column":26},"end":{"line":191,"column":51}}},"8":{"name":"(anonymous_8)","line":195,"loc":{"start":{"line":195,"column":25},"end":{"line":195,"column":50}}},"9":{"name":"(anonymous_9)","line":196,"loc":{"start":{"line":196,"column":39},"end":{"line":196,"column":51}}},"10":{"name":"(anonymous_10)","line":201,"loc":{"start":{"line":201,"column":25},"end":{"line":201,"column":42}}},"11":{"name":"(anonymous_11)","line":212,"loc":{"start":{"line":212,"column":26},"end":{"line":212,"column":44}}},"12":{"name":"(anonymous_12)","line":263,"loc":{"start":{"line":263,"column":24},"end":{"line":263,"column":42}}},"13":{"name":"(anonymous_13)","line":299,"loc":{"start":{"line":299,"column":25},"end":{"line":299,"column":43}}},"14":{"name":"(anonymous_14)","line":333,"loc":{"start":{"line":333,"column":25},"end":{"line":333,"column":43}}},"15":{"name":"(anonymous_15)","line":368,"loc":{"start":{"line":368,"column":32},"end":{"line":368,"column":51}}},"16":{"name":"(anonymous_16)","line":381,"loc":{"start":{"line":381,"column":17},"end":{"line":381,"column":30}}},"17":{"name":"(anonymous_17)","line":384,"loc":{"start":{"line":384,"column":49},"end":{"line":384,"column":69}}},"18":{"name":"(anonymous_18)","line":407,"loc":{"start":{"line":407,"column":23},"end":{"line":407,"column":34}}},"19":{"name":"(anonymous_19)","line":435,"loc":{"start":{"line":435,"column":23},"end":{"line":435,"column":33}}},"20":{"name":"(anonymous_20)","line":454,"loc":{"start":{"line":454,"column":24},"end":{"line":454,"column":43}}},"21":{"name":"(anonymous_21)","line":492,"loc":{"start":{"line":492,"column":22},"end":{"line":492,"column":47}}},"22":{"name":"(anonymous_22)","line":520,"loc":{"start":{"line":520,"column":25},"end":{"line":520,"column":59}}},"23":{"name":"(anonymous_23)","line":548,"loc":{"start":{"line":548,"column":14},"end":{"line":548,"column":55}}},"24":{"name":"(anonymous_24)","line":583,"loc":{"start":{"line":583,"column":21},"end":{"line":583,"column":36}}},"25":{"name":"(anonymous_25)","line":599,"loc":{"start":{"line":599,"column":17},"end":{"line":599,"column":31}}},"26":{"name":"(anonymous_26)","line":624,"loc":{"start":{"line":624,"column":18},"end":{"line":624,"column":53}}},"27":{"name":"(anonymous_27)","line":655,"loc":{"start":{"line":655,"column":17},"end":{"line":655,"column":43}}},"28":{"name":"(anonymous_28)","line":679,"loc":{"start":{"line":679,"column":17},"end":{"line":679,"column":35}}},"29":{"name":"(anonymous_29)","line":697,"loc":{"start":{"line":697,"column":16},"end":{"line":697,"column":27}}},"30":{"name":"(anonymous_30)","line":721,"loc":{"start":{"line":721,"column":15},"end":{"line":721,"column":26}}},"31":{"name":"(anonymous_31)","line":735,"loc":{"start":{"line":735,"column":15},"end":{"line":735,"column":25}}},"32":{"name":"(anonymous_32)","line":750,"loc":{"start":{"line":750,"column":15},"end":{"line":750,"column":26}}},"33":{"name":"(anonymous_33)","line":768,"loc":{"start":{"line":768,"column":15},"end":{"line":768,"column":31}}},"34":{"name":"(anonymous_34)","line":837,"loc":{"start":{"line":837,"column":26},"end":{"line":837,"column":72}}},"35":{"name":"(anonymous_35)","line":945,"loc":{"start":{"line":945,"column":34},"end":{"line":945,"column":58}}},"36":{"name":"(anonymous_36)","line":968,"loc":{"start":{"line":968,"column":29},"end":{"line":968,"column":55}}},"37":{"name":"(anonymous_37)","line":976,"loc":{"start":{"line":976,"column":37},"end":{"line":976,"column":48}}},"38":{"name":"(anonymous_38)","line":992,"loc":{"start":{"line":992,"column":17},"end":{"line":992,"column":42}}},"39":{"name":"(anonymous_39)","line":1043,"loc":{"start":{"line":1043,"column":17},"end":{"line":1043,"column":35}}},"40":{"name":"(anonymous_40)","line":1081,"loc":{"start":{"line":1081,"column":25},"end":{"line":1081,"column":58}}},"41":{"name":"(anonymous_41)","line":1106,"loc":{"start":{"line":1106,"column":16},"end":{"line":1106,"column":32}}},"42":{"name":"(anonymous_42)","line":1131,"loc":{"start":{"line":1131,"column":27},"end":{"line":1131,"column":43}}},"43":{"name":"(anonymous_43)","line":1140,"loc":{"start":{"line":1140,"column":24},"end":{"line":1140,"column":40}}},"44":{"name":"(anonymous_44)","line":1179,"loc":{"start":{"line":1179,"column":28},"end":{"line":1179,"column":53}}},"45":{"name":"(anonymous_45)","line":1201,"loc":{"start":{"line":1201,"column":21},"end":{"line":1201,"column":46}}},"46":{"name":"(anonymous_46)","line":1225,"loc":{"start":{"line":1225,"column":25},"end":{"line":1225,"column":50}}},"47":{"name":"(anonymous_47)","line":1253,"loc":{"start":{"line":1253,"column":27},"end":{"line":1253,"column":38}}},"48":{"name":"(anonymous_48)","line":1268,"loc":{"start":{"line":1268,"column":25},"end":{"line":1268,"column":41}}},"49":{"name":"(anonymous_49)","line":1290,"loc":{"start":{"line":1290,"column":28},"end":{"line":1290,"column":53}}},"50":{"name":"(anonymous_50)","line":1298,"loc":{"start":{"line":1298,"column":43},"end":{"line":1298,"column":54}}},"51":{"name":"(anonymous_51)","line":1311,"loc":{"start":{"line":1311,"column":25},"end":{"line":1311,"column":50}}},"52":{"name":"(anonymous_52)","line":1326,"loc":{"start":{"line":1326,"column":27},"end":{"line":1326,"column":38}}},"53":{"name":"(anonymous_53)","line":1339,"loc":{"start":{"line":1339,"column":16},"end":{"line":1339,"column":44}}},"54":{"name":"(anonymous_54)","line":1377,"loc":{"start":{"line":1377,"column":23},"end":{"line":1377,"column":71}}},"55":{"name":"(anonymous_55)","line":1447,"loc":{"start":{"line":1447,"column":32},"end":{"line":1447,"column":58}}},"56":{"name":"(anonymous_56)","line":1482,"loc":{"start":{"line":1482,"column":23},"end":{"line":1482,"column":41}}},"57":{"name":"(anonymous_57)","line":1504,"loc":{"start":{"line":1504,"column":22},"end":{"line":1504,"column":33}}},"58":{"name":"(anonymous_58)","line":1518,"loc":{"start":{"line":1518,"column":30},"end":{"line":1518,"column":41}}},"59":{"name":"(anonymous_59)","line":1538,"loc":{"start":{"line":1538,"column":26},"end":{"line":1538,"column":42}}},"60":{"name":"(anonymous_60)","line":1563,"loc":{"start":{"line":1563,"column":27},"end":{"line":1563,"column":38}}},"61":{"name":"(anonymous_61)","line":1580,"loc":{"start":{"line":1580,"column":26},"end":{"line":1580,"column":37}}},"62":{"name":"(anonymous_62)","line":1602,"loc":{"start":{"line":1602,"column":29},"end":{"line":1602,"column":54}}},"63":{"name":"(anonymous_63)","line":1617,"loc":{"start":{"line":1617,"column":44},"end":{"line":1617,"column":55}}},"64":{"name":"(anonymous_64)","line":1631,"loc":{"start":{"line":1631,"column":27},"end":{"line":1631,"column":38}}},"65":{"name":"(anonymous_65)","line":1649,"loc":{"start":{"line":1649,"column":26},"end":{"line":1649,"column":51}}},"66":{"name":"(anonymous_66)","line":1670,"loc":{"start":{"line":1670,"column":33},"end":{"line":1670,"column":44}}},"67":{"name":"(anonymous_67)","line":1677,"loc":{"start":{"line":1677,"column":19},"end":{"line":1677,"column":30}}},"68":{"name":"(anonymous_68)","line":1684,"loc":{"start":{"line":1684,"column":20},"end":{"line":1684,"column":31}}},"69":{"name":"(anonymous_69)","line":1693,"loc":{"start":{"line":1693,"column":20},"end":{"line":1693,"column":30}}},"70":{"name":"(anonymous_70)","line":1703,"loc":{"start":{"line":1703,"column":22},"end":{"line":1703,"column":38}}},"71":{"name":"(anonymous_71)","line":1713,"loc":{"start":{"line":1713,"column":22},"end":{"line":1713,"column":38}}},"72":{"name":"(anonymous_72)","line":1724,"loc":{"start":{"line":1724,"column":23},"end":{"line":1724,"column":38}}},"73":{"name":"(anonymous_73)","line":1734,"loc":{"start":{"line":1734,"column":22},"end":{"line":1734,"column":47}}},"74":{"name":"(anonymous_74)","line":1749,"loc":{"start":{"line":1749,"column":22},"end":{"line":1749,"column":38}}},"75":{"name":"(anonymous_75)","line":1771,"loc":{"start":{"line":1771,"column":17},"end":{"line":1771,"column":35}}},"76":{"name":"(anonymous_76)","line":1785,"loc":{"start":{"line":1785,"column":22},"end":{"line":1785,"column":41}}},"77":{"name":"(anonymous_77)","line":1828,"loc":{"start":{"line":1828,"column":27},"end":{"line":1828,"column":44}}},"78":{"name":"(anonymous_78)","line":1894,"loc":{"start":{"line":1894,"column":27},"end":{"line":1894,"column":46}}},"79":{"name":"(anonymous_79)","line":1943,"loc":{"start":{"line":1943,"column":24},"end":{"line":1943,"column":41}}},"80":{"name":"(anonymous_80)","line":1957,"loc":{"start":{"line":1957,"column":18},"end":{"line":1957,"column":65}}},"81":{"name":"(anonymous_81)","line":1994,"loc":{"start":{"line":1994,"column":22},"end":{"line":1994,"column":36}}},"82":{"name":"(anonymous_82)","line":2005,"loc":{"start":{"line":2005,"column":22},"end":{"line":2005,"column":44}}},"83":{"name":"(anonymous_83)","line":2023,"loc":{"start":{"line":2023,"column":27},"end":{"line":2023,"column":41}}},"84":{"name":"(anonymous_84)","line":2034,"loc":{"start":{"line":2034,"column":27},"end":{"line":2034,"column":51}}},"85":{"name":"(anonymous_85)","line":2055,"loc":{"start":{"line":2055,"column":26},"end":{"line":2055,"column":58}}},"86":{"name":"(anonymous_86)","line":2082,"loc":{"start":{"line":2082,"column":15},"end":{"line":2082,"column":26}}}},"statementMap":{"1":{"start":{"line":2,"column":0},"end":{"line":4,"column":1}},"2":{"start":{"line":3,"column":4},"end":{"line":3,"column":21}},"3":{"start":{"line":34,"column":0},"end":{"line":2092,"column":9}},"4":{"start":{"line":36,"column":4},"end":{"line":36,"column":70}},"5":{"start":{"line":38,"column":4},"end":{"line":45,"column":5}},"6":{"start":{"line":40,"column":8},"end":{"line":40,"column":69}},"7":{"start":{"line":41,"column":8},"end":{"line":41,"column":120}},"8":{"start":{"line":42,"column":8},"end":{"line":42,"column":118}},"9":{"start":{"line":43,"column":8},"end":{"line":43,"column":118}},"10":{"start":{"line":44,"column":8},"end":{"line":44,"column":118}},"11":{"start":{"line":52,"column":4},"end":{"line":62,"column":5}},"12":{"start":{"line":54,"column":8},"end":{"line":61,"column":10}},"13":{"start":{"line":56,"column":12},"end":{"line":56,"column":55}},"14":{"start":{"line":58,"column":12},"end":{"line":60,"column":13}},"15":{"start":{"line":59,"column":16},"end":{"line":59,"column":51}},"16":{"start":{"line":101,"column":4},"end":{"line":171,"column":6}},"17":{"start":{"line":103,"column":8},"end":{"line":113,"column":9}},"18":{"start":{"line":105,"column":12},"end":{"line":105,"column":112}},"19":{"start":{"line":107,"column":12},"end":{"line":110,"column":15}},"20":{"start":{"line":112,"column":12},"end":{"line":112,"column":38}},"21":{"start":{"line":115,"column":8},"end":{"line":125,"column":9}},"22":{"start":{"line":117,"column":12},"end":{"line":124,"column":14}},"23":{"start":{"line":127,"column":8},"end":{"line":127,"column":53}},"24":{"start":{"line":128,"column":8},"end":{"line":128,"column":53}},"25":{"start":{"line":129,"column":8},"end":{"line":129,"column":55}},"26":{"start":{"line":130,"column":8},"end":{"line":130,"column":53}},"27":{"start":{"line":131,"column":8},"end":{"line":131,"column":56}},"28":{"start":{"line":132,"column":8},"end":{"line":132,"column":79}},"29":{"start":{"line":133,"column":8},"end":{"line":133,"column":81}},"30":{"start":{"line":134,"column":8},"end":{"line":134,"column":53}},"31":{"start":{"line":135,"column":8},"end":{"line":135,"column":52}},"32":{"start":{"line":136,"column":8},"end":{"line":136,"column":53}},"33":{"start":{"line":137,"column":8},"end":{"line":137,"column":53}},"34":{"start":{"line":138,"column":8},"end":{"line":138,"column":53}},"35":{"start":{"line":139,"column":8},"end":{"line":139,"column":53}},"36":{"start":{"line":140,"column":8},"end":{"line":140,"column":53}},"37":{"start":{"line":141,"column":8},"end":{"line":141,"column":56}},"38":{"start":{"line":142,"column":8},"end":{"line":142,"column":56}},"39":{"start":{"line":143,"column":8},"end":{"line":143,"column":53}},"40":{"start":{"line":144,"column":8},"end":{"line":144,"column":55}},"41":{"start":{"line":145,"column":8},"end":{"line":145,"column":53}},"42":{"start":{"line":147,"column":8},"end":{"line":151,"column":10}},"43":{"start":{"line":153,"column":8},"end":{"line":153,"column":26}},"44":{"start":{"line":154,"column":8},"end":{"line":154,"column":38}},"45":{"start":{"line":155,"column":8},"end":{"line":155,"column":36}},"46":{"start":{"line":156,"column":8},"end":{"line":156,"column":28}},"47":{"start":{"line":157,"column":8},"end":{"line":157,"column":28}},"48":{"start":{"line":159,"column":8},"end":{"line":166,"column":9}},"49":{"start":{"line":161,"column":12},"end":{"line":161,"column":41}},"50":{"start":{"line":163,"column":15},"end":{"line":166,"column":9}},"51":{"start":{"line":165,"column":12},"end":{"line":165,"column":41}},"52":{"start":{"line":168,"column":8},"end":{"line":170,"column":9}},"53":{"start":{"line":169,"column":12},"end":{"line":169,"column":31}},"54":{"start":{"line":176,"column":4},"end":{"line":2077,"column":6}},"55":{"start":{"line":187,"column":12},"end":{"line":187,"column":55}},"56":{"start":{"line":189,"column":12},"end":{"line":204,"column":13}},"57":{"start":{"line":192,"column":20},"end":{"line":192,"column":53}},"58":{"start":{"line":196,"column":20},"end":{"line":198,"column":23}},"59":{"start":{"line":197,"column":24},"end":{"line":197,"column":48}},"60":{"start":{"line":202,"column":20},"end":{"line":202,"column":44}},"61":{"start":{"line":214,"column":12},"end":{"line":216,"column":13}},"62":{"start":{"line":215,"column":16},"end":{"line":215,"column":82}},"63":{"start":{"line":218,"column":12},"end":{"line":218,"column":55}},"64":{"start":{"line":219,"column":12},"end":{"line":219,"column":53}},"65":{"start":{"line":220,"column":12},"end":{"line":227,"column":14}},"66":{"start":{"line":229,"column":12},"end":{"line":243,"column":13}},"67":{"start":{"line":231,"column":16},"end":{"line":231,"column":68}},"68":{"start":{"line":233,"column":16},"end":{"line":235,"column":17}},"69":{"start":{"line":234,"column":20},"end":{"line":234,"column":108}},"70":{"start":{"line":237,"column":16},"end":{"line":242,"column":17}},"71":{"start":{"line":239,"column":20},"end":{"line":239,"column":68}},"72":{"start":{"line":241,"column":20},"end":{"line":241,"column":55}},"73":{"start":{"line":245,"column":12},"end":{"line":255,"column":13}},"74":{"start":{"line":247,"column":16},"end":{"line":247,"column":248}},"75":{"start":{"line":249,"column":16},"end":{"line":252,"column":19}},"76":{"start":{"line":254,"column":16},"end":{"line":254,"column":42}},"77":{"start":{"line":265,"column":12},"end":{"line":267,"column":13}},"78":{"start":{"line":266,"column":16},"end":{"line":266,"column":78}},"79":{"start":{"line":269,"column":12},"end":{"line":269,"column":55}},"80":{"start":{"line":270,"column":12},"end":{"line":278,"column":14}},"81":{"start":{"line":280,"column":12},"end":{"line":291,"column":13}},"82":{"start":{"line":282,"column":16},"end":{"line":282,"column":66}},"83":{"start":{"line":284,"column":16},"end":{"line":286,"column":17}},"84":{"start":{"line":285,"column":20},"end":{"line":285,"column":101}},"85":{"start":{"line":288,"column":16},"end":{"line":290,"column":17}},"86":{"start":{"line":289,"column":20},"end":{"line":289,"column":67}},"87":{"start":{"line":301,"column":12},"end":{"line":325,"column":13}},"88":{"start":{"line":303,"column":16},"end":{"line":305,"column":17}},"89":{"start":{"line":304,"column":20},"end":{"line":304,"column":84}},"90":{"start":{"line":307,"column":16},"end":{"line":307,"column":77}},"91":{"start":{"line":309,"column":16},"end":{"line":309,"column":50}},"92":{"start":{"line":311,"column":16},"end":{"line":313,"column":17}},"93":{"start":{"line":312,"column":20},"end":{"line":312,"column":57}},"94":{"start":{"line":317,"column":16},"end":{"line":317,"column":152}},"95":{"start":{"line":319,"column":16},"end":{"line":322,"column":19}},"96":{"start":{"line":324,"column":16},"end":{"line":324,"column":42}},"97":{"start":{"line":335,"column":12},"end":{"line":357,"column":13}},"98":{"start":{"line":337,"column":16},"end":{"line":339,"column":17}},"99":{"start":{"line":338,"column":20},"end":{"line":338,"column":84}},"100":{"start":{"line":341,"column":16},"end":{"line":341,"column":73}},"101":{"start":{"line":342,"column":16},"end":{"line":342,"column":95}},"102":{"start":{"line":343,"column":16},"end":{"line":343,"column":55}},"103":{"start":{"line":345,"column":16},"end":{"line":345,"column":45}},"104":{"start":{"line":349,"column":16},"end":{"line":349,"column":143}},"105":{"start":{"line":351,"column":16},"end":{"line":354,"column":19}},"106":{"start":{"line":356,"column":16},"end":{"line":356,"column":42}},"107":{"start":{"line":370,"column":12},"end":{"line":370,"column":53}},"108":{"start":{"line":371,"column":12},"end":{"line":371,"column":66}},"109":{"start":{"line":372,"column":12},"end":{"line":372,"column":55}},"110":{"start":{"line":373,"column":12},"end":{"line":373,"column":67}},"111":{"start":{"line":376,"column":12},"end":{"line":399,"column":13}},"112":{"start":{"line":378,"column":16},"end":{"line":378,"column":62}},"113":{"start":{"line":379,"column":16},"end":{"line":379,"column":56}},"114":{"start":{"line":381,"column":16},"end":{"line":393,"column":43}},"115":{"start":{"line":384,"column":20},"end":{"line":391,"column":23}},"116":{"start":{"line":387,"column":24},"end":{"line":390,"column":25}},"117":{"start":{"line":388,"column":28},"end":{"line":388,"column":56}},"118":{"start":{"line":389,"column":28},"end":{"line":389,"column":125}},"119":{"start":{"line":398,"column":16},"end":{"line":398,"column":83}},"120":{"start":{"line":401,"column":12},"end":{"line":401,"column":28}},"121":{"start":{"line":409,"column":12},"end":{"line":411,"column":13}},"122":{"start":{"line":410,"column":16},"end":{"line":410,"column":83}},"123":{"start":{"line":413,"column":12},"end":{"line":426,"column":13}},"124":{"start":{"line":415,"column":16},"end":{"line":415,"column":59}},"125":{"start":{"line":416,"column":16},"end":{"line":416,"column":59}},"126":{"start":{"line":418,"column":16},"end":{"line":418,"column":89}},"127":{"start":{"line":420,"column":16},"end":{"line":420,"column":70}},"128":{"start":{"line":421,"column":16},"end":{"line":421,"column":75}},"129":{"start":{"line":423,"column":16},"end":{"line":425,"column":17}},"130":{"start":{"line":424,"column":20},"end":{"line":424,"column":93}},"131":{"start":{"line":429,"column":12},"end":{"line":429,"column":93}},"132":{"start":{"line":437,"column":12},"end":{"line":439,"column":13}},"133":{"start":{"line":438,"column":16},"end":{"line":438,"column":83}},"134":{"start":{"line":441,"column":12},"end":{"line":446,"column":13}},"135":{"start":{"line":443,"column":16},"end":{"line":445,"column":17}},"136":{"start":{"line":444,"column":20},"end":{"line":444,"column":59}},"137":{"start":{"line":456,"column":12},"end":{"line":458,"column":13}},"138":{"start":{"line":457,"column":16},"end":{"line":457,"column":82}},"139":{"start":{"line":460,"column":12},"end":{"line":460,"column":52}},"140":{"start":{"line":463,"column":12},"end":{"line":471,"column":13}},"141":{"start":{"line":465,"column":16},"end":{"line":470,"column":17}},"142":{"start":{"line":467,"column":20},"end":{"line":467,"column":53}},"143":{"start":{"line":469,"column":20},"end":{"line":469,"column":52}},"144":{"start":{"line":473,"column":12},"end":{"line":483,"column":13}},"145":{"start":{"line":475,"column":16},"end":{"line":475,"column":126}},"146":{"start":{"line":477,"column":16},"end":{"line":480,"column":19}},"147":{"start":{"line":482,"column":16},"end":{"line":482,"column":42}},"148":{"start":{"line":494,"column":12},"end":{"line":496,"column":13}},"149":{"start":{"line":495,"column":16},"end":{"line":495,"column":104}},"150":{"start":{"line":498,"column":12},"end":{"line":498,"column":78}},"151":{"start":{"line":501,"column":12},"end":{"line":501,"column":40}},"152":{"start":{"line":503,"column":12},"end":{"line":503,"column":38}},"153":{"start":{"line":505,"column":12},"end":{"line":510,"column":13}},"154":{"start":{"line":507,"column":16},"end":{"line":509,"column":17}},"155":{"start":{"line":508,"column":20},"end":{"line":508,"column":65}},"156":{"start":{"line":522,"column":12},"end":{"line":522,"column":76}},"157":{"start":{"line":524,"column":12},"end":{"line":526,"column":13}},"158":{"start":{"line":525,"column":16},"end":{"line":525,"column":128}},"159":{"start":{"line":529,"column":12},"end":{"line":531,"column":13}},"160":{"start":{"line":530,"column":16},"end":{"line":530,"column":48}},"161":{"start":{"line":533,"column":12},"end":{"line":533,"column":48}},"162":{"start":{"line":534,"column":12},"end":{"line":534,"column":48}},"163":{"start":{"line":550,"column":12},"end":{"line":573,"column":13}},"164":{"start":{"line":551,"column":16},"end":{"line":551,"column":76}},"165":{"start":{"line":552,"column":16},"end":{"line":552,"column":76}},"166":{"start":{"line":553,"column":16},"end":{"line":553,"column":102}},"167":{"start":{"line":555,"column":16},"end":{"line":572,"column":17}},"168":{"start":{"line":557,"column":20},"end":{"line":571,"column":21}},"169":{"start":{"line":560,"column":28},"end":{"line":560,"column":59}},"170":{"start":{"line":561,"column":28},"end":{"line":561,"column":34}},"171":{"start":{"line":563,"column":28},"end":{"line":563,"column":58}},"172":{"start":{"line":564,"column":28},"end":{"line":564,"column":34}},"173":{"start":{"line":566,"column":28},"end":{"line":566,"column":58}},"174":{"start":
[...]
,"","        /**","         * Checks whether Turbine is started","         *","         * @return {Boolean}","         */","        isStarted : function(){","            return this.started === true;","        },","","        /**","         * Checks whether the query is a stop query, meaning","         * the workflow should stop when it is encountered.","         *","         * @param query The query to check","         */","        isStopQuery : function(query) {","            return query === 'stop.'","        },","","        /**","         * Checks whether the query is a kill query, meaning","         * the workflow should be killed when it is encountered.","         *","         * @param query The query to check","         */","        isKillQuery : function(query) {","            return query === 'kill!'","        },","","        /**","         * Checks whether a query is \"dirty\": its response has been set","         * via setResponse() while waiting for a message.","         *","         * @param query The query to check","         * @returns {boolean}","         */","        isDirtyQuery : function(query){","            return this.dirtyQueries[query] === true;","        },","","        /**","         * Sets response to query","         *","         * @param query The query for which to set the response","         * @param response The response to set","         */","        setResponse : function(query,response) {","","            if (!MINIFIED){","                this.log('setResponse', 'Setting \"' + query + '\" response to ' + response);","            }","","            this.responses[query]               = response;","            this.dirtyQueries[query]            = true;","        },","","        /**","         * Gets the response to a query","         *","         * @param query The query for which to get the response","         */","        getResponse : function(query) {","","            this.responses[query]               = (this.hasQueryFunction(query)) ? this.queries[query]() : this.responses[query];","","            /* Convert boolean result to yes/no string */","            if (typeof this.responses[query] === 'boolean' || this.responses[query] === null || typeof this.responses[query] === 'undefined') {","                this.responses[query]           = (this.responses[query]) ? 'yes' : 'no';","            }","","            if (!MINIFIED){","                this.log('getResponse',query + '?', this.responses[query]);","            }","","            return this.responses[query];","        },","","        /**","         * Gets value of variable","         *","         * @param varName The name of the variable for which to get the value","         * @return {*}","         */","        getVar : function(varName) {","","            /* Prepend dollar sign if not already there */","            varName                             = (varName.indexOf('$') === 0) ? varName.substr(1) : varName;","","            return (typeof this.variables[varName] !== 'undefined') ? this.variables[varName] : null;","        },","","        /**","         * Gets value of  shortcut","         *","         * @param shortcut The name of the shortcut for which to get the value","         * @return {*}","         */","        getShortcut : function(shortcut) {","","            /* Prepend @ symbol if not already there */","            shortcut                            = (shortcut.indexOf('@') === 0) ? shortcut.substr(1) : shortcut;","","            return (typeof this.shortcuts[shortcut] !== 'undefined') ? this.shortcuts[shortcut] : null;","        },","","        /**","         * Replaces variables in workflow with values.","         *","         * Variables are defined in the initObj passed to the Turbine constructor. They are always","         * prepended with a $ when referenced in the workflow.","         *","         * They work just like variables in any other programming language. Define them and","         * then the value of the variable is used in its place.","         *","         * NOTE: Variables can only be used for scalar values. To replace non-scalar values,","         * use mixins instead.","         *","         *","         * \"variables\" : {","         *     \"startOverTimeout\"       : \"30000\"","         * }","         *","         * \"workflow\" : {","         *     \"isStartOverAllowed\" : {","         *         \"yes\" : {","         *             \"waitFor\"            : \"App|process|restarted\",","         *             \"timeout\" : {","         *                 \"after\"          : \"$startOverTimeout\", // <-- This is the variable","         *                 \"then\"           : \"stop.\"","         *             },","         *             \"then\"               : \"@start\"","         *         },","         *         \"no\" : {","         *             \"then\"               : \"stop.\"","         *         }","         *     }","         * }","         *","         * @param target The response in which the variables are being replaced","         */","        replaceVariables : function(target) {","","            var thisTarget, thisVar, replaceWith;","","            for (var variable in this.variables){","","                if (this.variables.hasOwnProperty(variable)){","","                    for (var item in target) {","","                        if (target.hasOwnProperty(item)) {","","                            thisTarget          = target[item];","                            thisVar             = '$'+variable;","                            replaceWith         = this.variables[variable];","","                            /* Replace variables with values defined in source */","                            if (typeof thisTarget === 'string' && thisTarget.indexOf(thisVar) > -1) {","","                                if (!MINIFIED){","                                    this.log('replace', 'Replacing ' + thisVar + ' variable with \"' + replaceWith + '\"', null , 'TRACE');","                                }","","                                target[item]    = thisTarget.replace(new RegExp('\\\\'+thisVar,'g'),replaceWith);","","                            } else if (this.utils.isObjLiteral(thisTarget)) {","","                                this.replaceVariables(thisTarget);","                            }","                        }","                    }","                }","            }","        },","","        /**","         * Replaces shortcuts in workflow with shortcut values. Shortcuts are defined in the","         * initObj passed to the Turbine constructor, and are always prepended with an @ symbol","         * when referenced in the workflow.","         *","         * Shortcuts are a way to reference a particular query in the workflow with an alias,","         * rather than explicitly by name. For example, you may define a @start shortcut,","         * and then reference that with \"then\":","         *","         *","         * \"shortcuts\" : {","         *     \"start\"      : \"isWorkflowActive\"","         * }","         *","         * \"workflow\" : {","         *","         *     \"isStartOverAllowed\" : {","         *         \"yes\" : {","         *             \"then\"   : \"@start\" // <-- This is the shortcut","         *         },","         *         \"no\" : {","         *             \"then\"   : \"stop.\"","         *         }","         *     }","         * }","         *","         * If you decide to change the starting query of the workflow, you don't have to find and","         * replace isWorkflowActive everywhere it occurs. Instead, you can just change the value of @start.","         *","         * @param response The response in which the shortcuts are being replaced","         */","        replaceShortcuts : function(response) {","            this.replace(response,this.shortcuts,'@',true,'shortcut');","        },","","        /**","         * Replaces mixins in workflow with values.","         *","         * Mixins are a way to define an entire object as a reference, to avoid repeating the same","         * object over and over.","         *","         * Mixins are defined in their own object in the workflow. The mixin name is always","         * prepended with a plus sign when referenced in the workflow.","         *","         * For example:","         *","         * \"mixins\" : {","         *     \"wrongPassword\" : {","         *         \"publish\"               : \"UI.fail.show.PASSWORD_INCORRECT\",","         *         \"then\"                  : \"stop.\"","         *     },","         *","         *     \"DISCOUNT_APPLIED\" : {","         *         \"message\"               : \"Cart|discount|applied\",","         *          \"using\" : {","         *              \"content\"           : \"discountApplied\",","         *              \"discount\"          : \"$discountAmount\"","         *          }","         *      }","         * }","         *","         * Then they are used like this:","         *","         * \"queries\" : {","         *     \"isPasswordCorrect\" : {","         *         \"yes\" : {","         *             \"then\"               : \"isCreditCardOnFile\"","         *         },","         *         \"no\"                     : \"+wrongPassword\"      // <-- This is a mixin","         *     },","         *     \"isDiscountValid\" : {","         *         publish                  : \"+DISCOUNT_APPLIED\",  // <-- This is a mixin","         *         then                     : \"isCheckoutStarted\"","         *     }","         * }","         *","         * Mixins are replaced recursively, so mixins can be nested within other mixins","         *","         * @param target The target object in which to replace mixins","         */","        replaceMixins : function(target) {","            this.replace(target,this.mixins,'+',true,'mixin');","        },","","        /**","         * Multipurpose function for replacing a key that is prepended with a string with a value, in an","         * object (recursively if needed)","         *","         * @param target The target object in which the replacements should be made","         * @param source The source object containing the values that will be inserted","         * @param prepend The string prepended to they key (i.e. $foo, @bar, +baz)","         * @param recursive If true, replacements will be done recursively in all nested objects","         * @param type The type of replacement (mixin, shortcut)","         */","        replace : function(target,source,prepend,recursive,type) {","","            for (var item in target) {","","                if (target.hasOwnProperty(item)) {","","                    var thisItem                = target[item];","","                    /* Replace target with values defined in source */","                    if (typeof thisItem === 'string' && thisItem.indexOf(prepend) === 0) {","","                        thisItem                = thisItem.substr(1);","","                        if (source[thisItem]) {","","                            if (!MINIFIED){","                                this.log('replace', 'Replacing ' + prepend + thisItem + ' ' + type + ' with', source[thisItem], 'TRACE');","                            }","","                            target[item]        = source[thisItem];","                        }","","                    } else if (recursive && typeof thisItem === 'object') {","","                        this.replace(thisItem,source,prepend,recursive,type);","                    }","                }","            }","        },","","        utils : {","","            /**","             * Checks whether obj is an array","             *","             * @param obj The object to check","             */","            isArray : function(obj) {","                return Object.prototype.toString.call(obj) === '[object Array]';","            },","","            /**","             * Checks whether an item is already in the source array","             *","             * @param item The item to check","             * @param source The source array in which to look","             * @return {Boolean}","             */","            inArray : function(item,source) {","","                for (var i=0;i<source.length;i++) {","","                    if (item === source[i]) {","                        return true;","                    }","                }","","                return false;","            },","","            /**","             * Checks whether an object is an object literal (non-null, non-array)","             *","             * @param obj The object to check","             * @return {Boolean}","             */","            isObjLiteral : function(obj) {","                return typeof obj === 'object' && obj !== null && !this.isArray(obj);","            },","","            /**","             * Recursively merges source object into target object","             *","             * @param target Target object","             * @param source Source object","             * @return {Object} Merged object","             */","            mergeObjects : function(target,source) {","","                for (var i in source) {","","                    if (source.hasOwnProperty(i)) {","","                        if ((typeof target[i] === 'object' && target[i] !== null) && (typeof source[i] === 'object' && source[i] !== null)) {","","                            target[i]           = this.mergeObjects(target[i],source[i]);","","                        } else {","","                            target[i]           = source[i];","                        }","                    }","                }","","                return target;","            },","","            // Recursively traverses an object, executing a callback on every node that's not another object","            traverseObj : function (obj, depth, callback) {","","                // start at level 0","                depth           = depth || 0;","                callback        = callback || null;","","                for (var item in obj) {","","                    // if we find a child object","                    if (obj.hasOwnProperty(item) && typeof obj[item] === 'object') {","","                        // recursively call myself again to loop through the child object","                        // \"this\" refers to \"this.utils\"","                        this.traverseObj(obj[item], ++depth, callback);","","                    } else if (callback) {","","                        callback(obj, item);","                    }","                }","            }","        }","    };","","    /* If RequireJS define() is present, use it to export Turbine */","    if (typeof define === \"function\") {","","        define(function() {","            return Turbine;","        });","    }","    /* Otherwise, add Turbine to global namespace */","    else {","","        root.Turbine = Turbine;","    }","","}(this)); // this will be window in a browser, global in NodeJS"],"l":{"2":1,"3":1,"34":1,"36":1,"38":1,"40":1,"41":1,"42":1,"43":1,"44":1,"52":1,"54":0,"56":0,"58":0,"59":0,"101":1,"103":0,"105":0,"107":0,"112":0,"115":0,"117":0,"127":0,"128":0,"129":0,"130":0,"131":0,"132":0,"133":0,"134":0,"135":0,"136":0,"137":0,"138":0,"139":0,"140":0,"141":0,"142":0,"143":0,"144":0,"145":0,"147":0,"153":0,"154":0,"155":0,"156":0,"157":0,"159":0,"161":0,"163":0,"165":0,"168":0,"169":0,"176":1,"187":0,"189":0,"192":0,"196":0,"197":0,"202":0,"214":0,"215":0,"218":0,"219":0,"220":0,"229":0,"231":0,"233":0,"234":0,"237":0,"239":0,"241":0,"245":0,"247":0,"249":0,"254":0,"265":0,"266":0,"269":0,"270":0,"280":0,"282":0,"284":0,"285":0,"288":0,"289":0,"301":0,"303":0,"304":0,"307":0,"309":0,"311":0,"312":0,"317":0,"319":0,"324":0,"335":0,"337":0,"338":0,"341":0,"342":0,"343":0,"345":0,"349":0,"351":0,"356":0,"370":0,"371":0,"372":0,"373":0,"376":0,"378":0,"379":0,"381":0,"384":0,"387":0,"388":0,"389":0,"398":0,"401":0,"409":0,"410":0,"413":0,"415":0,"416":0,"418":0,"420":0,"421":0,"423":0,"424":0,"429":0,"437":0,"438":0,"441":0,"443":0,"444":0,"456":0,"457":0,"460":0,"463":0,"465":0,"467":0,"469":0,"473":0,"475":0,"477":0,"482":0,"494":0,"495":0,"498":0,"501":0,"503":0,"505":0,"507":0,"508":0,"522":0,"524":0,"525":0,"529":0,"530":0,"533":0,"534":0,"550":0,"551":0,"552":0,"553":0,"555":0,"557":0,"560":0,"561":0,"563":0,"564":0,"566":0,"567":0,"569":0,"570":0,"585":0,"586":0,"589":0,"601":0,"603":0,"604":0,"605":0,"607":0,"610":0,"626":0,"628":0,"629":0,"632":0,"633":0,"636":0,"637":0,"640":0,"641":0,"657":0,"658":0,"661":0,"662":0,"665":0,"666":0,"681":0,"682":0,"685":0,"686":0,"689":0,"690":0,"699":0,"701":0,"702":0,"705":0,"708":0,"709":0,"712":0,"714":0,"715":0,"723":0,"724":0,"727":0,"729":0,"737":0,"738":0,"741":0,"742":0,"744":0,"752":0,"753":0,"756":0,"757":0,"760":0,"770":0,"772":0,"773":0,"776":0,"777":0,"778":0,"781":0,"782":0,"785":0,"786":0,"787":0,"790":0,"792":0,"797":0,"800":0,"801":0,"804":0,"806":0,"807":0,"810":0,"812":0,"817":0,"821":0,"822":0,"825":0,"827":0,"839":0,"841":0,"842":0,"845":0,"846":0,"849":0,"850":0,"853":0,"855":0,"861":0,"862":0,"866":0,"868":0,"873":0,"875":0,"879":0,"882":0,"884":0,"885":0,"887":0,"892":0,"896":0,"898":0,"902":0,"904":0,"905":0,"908":0,"912":0,"914":0,"915":0,"917":0,"922":0,"923":0,"927":0,"929":0,"930":0,"932":0,"947":0,"948":0,"951":0,"959":0,"970":0,"971":0,"974":0,"976":0,"978":0,"982":0,"994":0,"996":0,"997":0,"1001":0,"1003":0,"1006":0,"1008":0,"1009":0,"1012":0,"1017":0,"1023":0,"1024":0,"1027":0,"1031":0,"1045":0,"1047":0,"1048":0,"1049":0,"1050":0,"1052":0,"1053":0,"1056":0,"1058":0,"1060":0,"1061":0,"1064":0,"1065":0,"1068":0,"1069":0,"1083":0,"1084":0,"1087":0,"1089":0,"1090":0,"1093":0,"1094":0,"1098":0,"1108":0,"1109":0,"1112":0,"1115":0,"1117":0,"1119":0,"1123":0,"1132":0,"1143":0,"1145":0,"1151":0,"1153":0,"1155":0,"1156":0,"1158":0,"1160":0,"1161":0,"1164":0,"1166":0,"1167":0,"1181":0,"1182":0,"1185":0,"1186":0,"1190":0,"1192":0,"1203":0,"1204":0,"1206":0,"1208":0,"1209":0,"1213":0,"1216":0,"1227":0,"1228":0,"1229":0,"1231":0,"1233":0,"1234":0,"1238":0,"1241":0,"1243":0,"1244":0,"1253":0,"1255":0,"1257":0,"1260":0,"1270":0,"1273":0,"1274":0,"1277":0,"1278":0,"1281":0,"1292":0,"1293":0,"1296":0,"1298":0,"1300":0,"1313":0,"1314":0,"1317":0,"1328":0,"1330":0,"1341":0,"1342":0,"1345":0,"1347":0,"1348":0,"1349":0,"1351":0,"1352":0,"1355":0,"1357":0,"1358":0,"1361":0,"1379":0,"1380":0,"1382":0,"1385":0,"1387":0,"1388":0,"1392":0,"1393":0,"1396":0,"1398":0,"1400":0,"1401":0,"1403":0,"1405":0,"1407":0,"1408":0,"1409":0,"1414":0,"1415":0,"1423":0,"1425":0,"1427":0,"1429":0,"1430":0,"1435":0,"1449":0,"1450":0,"1453":0,"1454":0,"1457":0,"1459":0,"1461":0,"1464":0,"1466":0,"1467":0,"1470":0,"1471":0,"1474":0,"1484":0,"1486":0,"1488":0,"1489":0,"1490":0,"1494":0,"1495":0,"1498":0,"1506":0,"1507":0,"1510":0,"1511":0,"1512":0,"1520":0,"1521":0,"1524":0,"1526":0,"1528":0,"1540":0,"1542":0,"1544":0,"1545":0,"1548":0,"1549":0,"1552":0,"1553":0,"1555":0,"1565":0,"1567":0,"1568":0,"1571":0,"1573":0,"1582":0,"1584":0,"1585":0,"1588":0,"1590":0,"1604":0,"1605":0,"1608":0,"1610":0,"1611":0,"1614":0,"1615":0,"1617":0,"1619":0,"1623":0,"1633":0,"1635":0,"1639":0,"1651":0,"1652":0,"1655":0,"1656":0,"1660":0,"1662":0,"1671":0,"1678":0,"1685":0,"1694":0,"1704":0,"1714":0,"1725":0,"1736":0,"1737":0,"1740":0,"1741":0,"1751":0,"1754":0,"1755":0,"1758":0,"1759":0,"1762":0,"1774":0,"1776":0,"1788":0,"1790":0,"1830":0,"1832":0,"1834":0,"1836":0,"1838":0,"1840":0,"1841":0,"1842":0,"1845":0,"1847":0,"1848":0,"1851":0,"1853":0,"1855":0,"1895":0,"1944":0,"1959":0,"1961":0,"1963":0,"1966":0,"1968":0,"1970":0,"1972":0,"1973":0,"1976":0,"1979":0,"1981":0,"1995":0,"2007":0,"2009":0,"2010":0,"2014":0,"2024":0,"2036":0,"2038":0,"2040":0,"2042":0,"2046":0,"2051":0,"2058":0,"2059":0,"2061":0,"2064":0,"2068":0,"2070":0,"2072":0,"2080":1,"2082":0,"2083":0,"2089":1}}}